{"total": {"lines":{"total":2000,"covered":555,"skipped":0,"pct":27.75},"statements":{"total":2316,"covered":600,"skipped":0,"pct":25.9},"functions":{"total":577,"covered":112,"skipped":0,"pct":19.41},"branches":{"total":1978,"covered":374,"skipped":0,"pct":18.9},"branchesTrue":{"total":0,"covered":0,"skipped":0,"pct":100}}
,"/Users/useruser/Documents/shadow-final-year/frontend/e2e/helpers.js": {"lines":{"total":18,"covered":2,"skipped":0,"pct":11.11},"functions":{"total":3,"covered":0,"skipped":0,"pct":0},"statements":{"total":19,"covered":2,"skipped":0,"pct":10.52},"branches":{"total":13,"covered":4,"skipped":0,"pct":30.76}}
,"/Users/useruser/Documents/shadow-final-year/frontend/src/App.jsx": {"lines":{"total":12,"covered":11,"skipped":0,"pct":91.66},"functions":{"total":12,"covered":6,"skipped":0,"pct":50},"statements":{"total":21,"covered":15,"skipped":0,"pct":71.42},"branches":{"total":0,"covered":0,"skipped":0,"pct":100}}
,"/Users/useruser/Documents/shadow-final-year/frontend/src/components/CGPAProgressRing.jsx": {"lines":{"total":19,"covered":17,"skipped":0,"pct":89.47},"functions":{"total":6,"covered":4,"skipped":0,"pct":66.66},"statements":{"total":22,"covered":20,"skipped":0,"pct":90.9},"branches":{"total":12,"covered":11,"skipped":0,"pct":91.66}}
,"/Users/useruser/Documents/shadow-final-year/frontend/src/components/EffectivenessAnalytics.jsx": {"lines":{"total":124,"covered":72,"skipped":0,"pct":58.06},"functions":{"total":40,"covered":27,"skipped":0,"pct":67.5},"statements":{"total":132,"covered":75,"skipped":0,"pct":56.81},"branches":{"total":149,"covered":89,"skipped":0,"pct":59.73}}
,"/Users/useruser/Documents/shadow-final-year/frontend/src/components/ErrorBoundary.jsx": {"lines":{"total":16,"covered":11,"skipped":0,"pct":68.75},"functions":{"total":6,"covered":4,"skipped":0,"pct":66.66},"statements":{"total":16,"covered":11,"skipped":0,"pct":68.75},"branches":{"total":8,"covered":6,"skipped":0,"pct":75}}
,"/Users/useruser/Documents/shadow-final-year/frontend/src/components/GeneratingOverlay.jsx": {"lines":{"total":24,"covered":2,"skipped":0,"pct":8.33},"functions":{"total":16,"covered":0,"skipped":0,"pct":0},"statements":{"total":34,"covered":2,"skipped":0,"pct":5.88},"branches":{"total":42,"covered":0,"skipped":0,"pct":0}}
,"/Users/useruser/Documents/shadow-final-year/frontend/src/components/GlobalProcessIndicator.jsx": {"lines":{"total":6,"covered":4,"skipped":0,"pct":66.66},"functions":{"total":2,"covered":1,"skipped":0,"pct":50},"statements":{"total":7,"covered":4,"skipped":0,"pct":57.14},"branches":{"total":4,"covered":2,"skipped":0,"pct":50}}
,"/Users/useruser/Documents/shadow-final-year/frontend/src/components/MoodLogger.jsx": {"lines":{"total":53,"covered":42,"skipped":0,"pct":79.24},"functions":{"total":19,"covered":13,"skipped":0,"pct":68.42},"statements":{"total":69,"covered":50,"skipped":0,"pct":72.46},"branches":{"total":62,"covered":45,"skipped":0,"pct":72.58}}
,"/Users/useruser/Documents/shadow-final-year/frontend/src/components/NotificationBell.jsx": {"lines":{"total":86,"covered":51,"skipped":0,"pct":59.3},"functions":{"total":35,"covered":14,"skipped":0,"pct":40},"statements":{"total":129,"covered":64,"skipped":0,"pct":49.61},"branches":{"total":62,"covered":37,"skipped":0,"pct":59.67}}
,"/Users/useruser/Documents/shadow-final-year/frontend/src/components/ProtectedRoute.jsx": {"lines":{"total":14,"covered":9,"skipped":0,"pct":64.28},"functions":{"total":3,"covered":1,"skipped":0,"pct":33.33},"statements":{"total":14,"covered":9,"skipped":0,"pct":64.28},"branches":{"total":10,"covered":6,"skipped":0,"pct":60}}
,"/Users/useruser/Documents/shadow-final-year/frontend/src/components/StudyPlanView.jsx": {"lines":{"total":56,"covered":26,"skipped":0,"pct":46.42},"functions":{"total":14,"covered":5,"skipped":0,"pct":35.71},"statements":{"total":61,"covered":27,"skipped":0,"pct":44.26},"branches":{"total":46,"covered":22,"skipped":0,"pct":47.82}}
,"/Users/useruser/Documents/shadow-final-year/frontend/src/components/WhatIfCalculator.jsx": {"lines":{"total":106,"covered":72,"skipped":0,"pct":67.92},"functions":{"total":42,"covered":19,"skipped":0,"pct":45.23},"statements":{"total":126,"covered":84,"skipped":0,"pct":66.66},"branches":{"total":150,"covered":60,"skipped":0,"pct":40}}
,"/Users/useruser/Documents/shadow-final-year/frontend/src/components/studyplan/AudioPlayer.jsx": {"lines":{"total":47,"covered":0,"skipped":0,"pct":0},"functions":{"total":3,"covered":0,"skipped":0,"pct":0},"statements":{"total":48,"covered":0,"skipped":0,"pct":0},"branches":{"total":83,"covered":0,"skipped":0,"pct":0}}
,"/Users/useruser/Documents/shadow-final-year/frontend/src/components/studyplan/ConceptDiagram.jsx": {"lines":{"total":143,"covered":6,"skipped":0,"pct":4.19},"functions":{"total":45,"covered":0,"skipped":0,"pct":0},"statements":{"total":221,"covered":6,"skipped":0,"pct":2.71},"branches":{"total":178,"covered":0,"skipped":0,"pct":0}}
,"/Users/useruser/Documents/shadow-final-year/frontend/src/components/studyplan/PracticeExercise.jsx": {"lines":{"total":87,"covered":7,"skipped":0,"pct":8.04},"functions":{"total":28,"covered":0,"skipped":0,"pct":0},"statements":{"total":102,"covered":7,"skipped":0,"pct":6.86},"branches":{"total":119,"covered":0,"skipped":0,"pct":0}}
,"/Users/useruser/Documents/shadow-final-year/frontend/src/components/studyplan/ResourceCard.jsx": {"lines":{"total":71,"covered":0,"skipped":0,"pct":0},"functions":{"total":26,"covered":0,"skipped":0,"pct":0},"statements":{"total":79,"covered":0,"skipped":0,"pct":0},"branches":{"total":101,"covered":0,"skipped":0,"pct":0}}
,"/Users/useruser/Documents/shadow-final-year/frontend/src/components/studyplan/StudyCards.jsx": {"lines":{"total":117,"covered":10,"skipped":0,"pct":8.54},"functions":{"total":52,"covered":0,"skipped":0,"pct":0},"statements":{"total":135,"covered":10,"skipped":0,"pct":7.4},"branches":{"total":113,"covered":0,"skipped":0,"pct":0}}
,"/Users/useruser/Documents/shadow-final-year/frontend/src/components/studyplan/StudyPlanDetails.jsx": {"lines":{"total":108,"covered":41,"skipped":0,"pct":37.96},"functions":{"total":37,"covered":8,"skipped":0,"pct":21.62},"statements":{"total":126,"covered":41,"skipped":0,"pct":32.53},"branches":{"total":232,"covered":75,"skipped":0,"pct":32.32}}
,"/Users/useruser/Documents/shadow-final-year/frontend/src/components/studyplan/StudyPlanForm.jsx": {"lines":{"total":74,"covered":4,"skipped":0,"pct":5.4},"functions":{"total":26,"covered":0,"skipped":0,"pct":0},"statements":{"total":85,"covered":4,"skipped":0,"pct":4.7},"branches":{"total":99,"covered":0,"skipped":0,"pct":0}}
,"/Users/useruser/Documents/shadow-final-year/frontend/src/components/studyplan/studyPlanHelpers.jsx": {"lines":{"total":38,"covered":10,"skipped":0,"pct":26.31},"functions":{"total":11,"covered":1,"skipped":0,"pct":9.09},"statements":{"total":41,"covered":11,"skipped":0,"pct":26.82},"branches":{"total":20,"covered":1,"skipped":0,"pct":5}}
,"/Users/useruser/Documents/shadow-final-year/frontend/src/contexts/AuthContext.jsx": {"lines":{"total":42,"covered":30,"skipped":0,"pct":71.42},"functions":{"total":7,"covered":5,"skipped":0,"pct":71.42},"statements":{"total":42,"covered":30,"skipped":0,"pct":71.42},"branches":{"total":10,"covered":7,"skipped":0,"pct":70}}
,"/Users/useruser/Documents/shadow-final-year/frontend/src/contexts/SmartStudyContext.jsx": {"lines":{"total":62,"covered":4,"skipped":0,"pct":6.45},"functions":{"total":9,"covered":1,"skipped":0,"pct":11.11},"statements":{"total":69,"covered":4,"skipped":0,"pct":5.79},"branches":{"total":33,"covered":2,"skipped":0,"pct":6.06}}
,"/Users/useruser/Documents/shadow-final-year/frontend/src/pages/CGPAPage.jsx": {"lines":{"total":39,"covered":8,"skipped":0,"pct":20.51},"functions":{"total":16,"covered":1,"skipped":0,"pct":6.25},"statements":{"total":42,"covered":8,"skipped":0,"pct":19.04},"branches":{"total":20,"covered":4,"skipped":0,"pct":20}}
,"/Users/useruser/Documents/shadow-final-year/frontend/src/pages/LoginPage.jsx": {"lines":{"total":18,"covered":8,"skipped":0,"pct":44.44},"functions":{"total":4,"covered":1,"skipped":0,"pct":25},"statements":{"total":18,"covered":8,"skipped":0,"pct":44.44},"branches":{"total":8,"covered":1,"skipped":0,"pct":12.5}}
,"/Users/useruser/Documents/shadow-final-year/frontend/src/pages/RegisterPage.jsx": {"lines":{"total":31,"covered":9,"skipped":0,"pct":29.03},"functions":{"total":13,"covered":1,"skipped":0,"pct":7.69},"statements":{"total":44,"covered":9,"skipped":0,"pct":20.45},"branches":{"total":24,"covered":1,"skipped":0,"pct":4.16}}
,"/Users/useruser/Documents/shadow-final-year/frontend/src/services/api.js": {"lines":{"total":580,"covered":99,"skipped":0,"pct":17.06},"functions":{"total":101,"covered":0,"skipped":0,"pct":0},"statements":{"total":605,"covered":99,"skipped":0,"pct":16.36},"branches":{"total":362,"covered":1,"skipped":0,"pct":0.27}}
,"/Users/useruser/Documents/shadow-final-year/frontend/src/utils/errors.js": {"lines":{"total":9,"covered":0,"skipped":0,"pct":0},"functions":{"total":1,"covered":0,"skipped":0,"pct":0},"statements":{"total":9,"covered":0,"skipped":0,"pct":0},"branches":{"total":18,"covered":0,"skipped":0,"pct":0}}
}
