TN:
SF:e2e/helpers.js
FN:7,loginAs
FN:24,loginViaApi
FN:32,(anonymous_2)
FNF:3
FNH:0
FNDA:0,loginAs
FNDA:0,loginViaApi
FNDA:0,(anonymous_2)
DA:1,6
DA:2,6
DA:8,0
DA:9,0
DA:10,0
DA:11,0
DA:12,0
DA:25,0
DA:28,0
DA:31,0
DA:32,0
DA:33,0
DA:34,0
DA:35,0
DA:38,0
DA:39,0
DA:40,0
DA:43,0
LF:18
LH:2
BRDA:1,0,0,6
BRDA:1,0,1,6
BRDA:2,1,0,6
BRDA:2,1,1,6
BRDA:7,2,0,0
BRDA:7,3,0,0
BRDA:24,4,0,0
BRDA:24,5,0,0
BRDA:24,6,0,0
BRDA:35,7,0,0
BRDA:35,7,1,0
BRDA:38,8,0,0
BRDA:38,8,1,0
BRF:13
BRH:4
end_of_record
TN:
SF:src/App.jsx
FN:10,(anonymous_0)
FN:11,(anonymous_1)
FN:12,(anonymous_2)
FN:13,(anonymous_3)
FN:14,(anonymous_4)
FN:15,(anonymous_5)
FN:16,(anonymous_6)
FN:17,(anonymous_7)
FN:18,(anonymous_8)
FN:20,LoadingSpinner
FN:28,NotFoundPage
FN:40,App
FNF:12
FNH:6
FNDA:1,(anonymous_0)
FNDA:1,(anonymous_1)
FNDA:1,(anonymous_2)
FNDA:1,(anonymous_3)
FNDA:0,(anonymous_4)
FNDA:0,(anonymous_5)
FNDA:0,(anonymous_6)
FNDA:0,(anonymous_7)
FNDA:0,(anonymous_8)
FNDA:8,LoadingSpinner
FNDA:0,NotFoundPage
FNDA:15,App
DA:10,1
DA:11,1
DA:12,1
DA:13,1
DA:14,1
DA:15,1
DA:16,1
DA:17,1
DA:18,1
DA:21,8
DA:29,0
DA:41,15
LF:12
LH:11
BRF:0
BRH:0
end_of_record
TN:
SF:src/components/CGPAProgressRing.jsx
FN:7,CGPAProgressRing
FN:18,(anonymous_1)
FN:26,(anonymous_2)
FN:28,(anonymous_3)
FN:29,(anonymous_4)
FN:33,(anonymous_5)
FNF:6
FNH:4
FNDA:16,CGPAProgressRing
FNDA:16,(anonymous_1)
FNDA:8,(anonymous_2)
FNDA:0,(anonymous_3)
FNDA:0,(anonymous_4)
FNDA:8,(anonymous_5)
DA:8,16
DA:10,16
DA:11,16
DA:12,16
DA:13,16
DA:15,16
DA:16,16
DA:18,16
DA:19,16
DA:20,12
DA:21,4
DA:24,16
DA:26,16
DA:27,8
DA:28,8
DA:29,0
DA:30,0
DA:33,8
DA:36,16
LF:19
LH:17
BRDA:7,0,0,16
BRDA:7,1,0,16
BRDA:7,2,0,16
BRDA:7,3,0,16
BRDA:15,4,0,16
BRDA:15,4,1,0
BRDA:19,5,0,4
BRDA:19,5,1,12
BRDA:20,6,0,8
BRDA:20,6,1,4
BRDA:63,7,0,8
BRDA:63,7,1,8
BRF:12
BRH:11
end_of_record
TN:
SF:src/components/EffectivenessAnalytics.jsx
FN:98,getMoodSvg
FN:117,EffectivenessAnalytics
FN:131,(anonymous_2)
FN:133,(anonymous_3)
FN:133,(anonymous_4)
FN:136,(anonymous_5)
FN:137,(anonymous_6)
FN:139,(anonymous_7)
FN:142,(anonymous_8)
FN:175,(anonymous_9)
FN:182,(anonymous_10)
FN:187,(anonymous_11)
FN:192,(anonymous_12)
FN:217,(anonymous_13)
FN:221,(anonymous_14)
FN:221,(anonymous_15)
FN:279,(anonymous_16)
FN:282,(anonymous_17)
FN:390,(anonymous_18)
FN:391,(anonymous_19)
FN:412,(anonymous_20)
FN:449,(anonymous_21)
FN:481,(anonymous_22)
FN:525,(anonymous_23)
FN:528,(anonymous_24)
FN:548,(anonymous_25)
FN:564,(anonymous_26)
FN:589,(anonymous_27)
FN:605,(anonymous_28)
FN:629,(anonymous_29)
FN:655,(anonymous_30)
FN:656,(anonymous_31)
FN:702,(anonymous_32)
FN:710,(anonymous_33)
FN:784,(anonymous_34)
FN:874,(anonymous_35)
FN:890,(anonymous_36)
FN:899,(anonymous_37)
FN:957,StatCard
FN:974,ProgressBar
FNF:40
FNH:27
FNDA:8,getMoodSvg
FNDA:56,EffectivenessAnalytics
FNDA:14,(anonymous_2)
FNDA:14,(anonymous_3)
FNDA:14,(anonymous_4)
FNDA:14,(anonymous_5)
FNDA:0,(anonymous_6)
FNDA:14,(anonymous_7)
FNDA:14,(anonymous_8)
FNDA:0,(anonymous_9)
FNDA:0,(anonymous_10)
FNDA:1,(anonymous_11)
FNDA:0,(anonymous_12)
FNDA:0,(anonymous_13)
FNDA:0,(anonymous_14)
FNDA:0,(anonymous_15)
FNDA:170,(anonymous_16)
FNDA:6,(anonymous_17)
FNDA:0,(anonymous_18)
FNDA:0,(anonymous_19)
FNDA:42,(anonymous_20)
FNDA:4,(anonymous_21)
FNDA:4,(anonymous_22)
FNDA:4,(anonymous_23)
FNDA:0,(anonymous_24)
FNDA:0,(anonymous_25)
FNDA:2,(anonymous_26)
FNDA:0,(anonymous_27)
FNDA:2,(anonymous_28)
FNDA:4,(anonymous_29)
FNDA:2,(anonymous_30)
FNDA:4,(anonymous_31)
FNDA:2,(anonymous_32)
FNDA:2,(anonymous_33)
FNDA:20,(anonymous_34)
FNDA:0,(anonymous_35)
FNDA:8,(anonymous_36)
FNDA:8,(anonymous_37)
FNDA:52,StatCard
FNDA:26,ProgressBar
DA:17,1
DA:27,1
DA:34,1
DA:44,1
DA:73,1
DA:99,8
DA:100,8
DA:102,4
DA:104,0
DA:106,0
DA:109,4
DA:111,0
DA:113,0
DA:118,56
DA:119,56
DA:120,56
DA:121,56
DA:122,56
DA:124,56
DA:125,56
DA:126,56
DA:127,56
DA:128,56
DA:129,56
DA:131,56
DA:132,14
DA:133,14
DA:136,56
DA:137,14
DA:138,14
DA:139,14
DA:142,56
DA:143,14
DA:144,14
DA:146,14
DA:147,14
DA:155,12
DA:156,12
DA:157,12
DA:158,12
DA:159,12
DA:161,12
DA:162,12
DA:163,12
DA:165,0
DA:168,1
DA:169,1
DA:171,13
DA:175,56
DA:176,0
DA:177,0
DA:178,0
DA:179,0
DA:182,56
DA:183,0
DA:184,0
DA:187,56
DA:188,1
DA:189,1
DA:192,56
DA:193,0
DA:194,0
DA:195,0
DA:196,0
DA:197,0
DA:198,0
DA:199,0
DA:200,0
DA:201,0
DA:202,0
DA:204,0
DA:205,0
DA:206,0
DA:207,0
DA:208,0
DA:209,0
DA:210,0
DA:211,0
DA:212,0
DA:214,0
DA:215,0
DA:216,0
DA:217,0
DA:218,0
DA:221,0
DA:222,0
DA:223,0
DA:224,0
DA:225,0
DA:226,0
DA:227,0
DA:228,0
DA:231,56
DA:232,22
DA:242,34
DA:250,34
DA:280,170
DA:282,6
DA:390,0
DA:391,0
DA:413,42
DA:450,4
DA:482,4
DA:526,4
DA:528,0
DA:549,0
DA:550,0
DA:564,2
DA:590,0
DA:591,0
DA:605,2
DA:630,4
DA:655,2
DA:657,4
DA:702,2
DA:710,2
DA:785,20
DA:875,0
DA:876,0
DA:890,8
DA:899,8
DA:958,52
DA:975,26
DA:976,26
LF:124
LH:72
BRDA:100,0,0,4
BRDA:100,0,1,0
BRDA:100,0,2,0
BRDA:100,0,3,4
BRDA:100,0,4,4
BRDA:100,0,5,0
BRDA:100,0,6,0
BRDA:137,1,0,0
BRDA:137,1,1,0
BRDA:193,2,0,0
BRDA:193,2,1,0
BRDA:196,3,0,0
BRDA:196,3,1,0
BRDA:204,4,0,0
BRDA:204,4,1,0
BRDA:212,5,0,0
BRDA:212,5,1,0
BRDA:214,6,0,0
BRDA:214,6,1,0
BRDA:218,7,0,0
BRDA:218,7,1,0
BRDA:218,8,0,0
BRDA:218,8,1,0
BRDA:221,9,0,0
BRDA:221,9,1,0
BRDA:231,10,0,22
BRDA:231,10,1,34
BRDA:251,11,0,27
BRDA:251,11,1,7
BRDA:252,12,0,27
BRDA:252,12,1,7
BRDA:284,13,0,34
BRDA:284,13,1,136
BRDA:298,14,0,2
BRDA:298,14,1,32
BRDA:305,15,0,32
BRDA:305,15,1,21
BRDA:305,15,2,21
BRDA:319,16,0,21
BRDA:319,16,1,0
BRDA:322,17,0,21
BRDA:322,17,1,0
BRDA:323,18,0,21
BRDA:323,18,1,0
BRDA:382,19,0,21
BRDA:382,19,1,0
BRDA:408,20,0,21
BRDA:408,20,1,21
BRDA:408,20,2,21
BRDA:416,21,0,21
BRDA:416,21,1,21
BRDA:417,22,0,21
BRDA:417,22,1,0
BRDA:418,23,0,0
BRDA:418,23,1,0
BRDA:426,24,0,42
BRDA:426,24,1,0
BRDA:443,25,0,32
BRDA:443,25,1,2
BRDA:443,25,2,2
BRDA:447,26,0,2
BRDA:447,26,1,0
BRDA:459,27,0,4
BRDA:459,27,1,0
BRDA:479,28,0,2
BRDA:479,28,1,0
BRDA:492,29,0,4
BRDA:492,29,1,0
BRDA:498,30,0,4
BRDA:498,30,1,0
BRDA:514,31,0,32
BRDA:514,31,1,1
BRDA:514,31,2,1
BRDA:530,32,0,1
BRDA:530,32,1,3
BRDA:540,33,0,1
BRDA:540,33,1,0
BRDA:581,34,0,1
BRDA:581,34,1,0
BRDA:623,35,0,32
BRDA:623,35,1,2
BRDA:623,35,2,2
BRDA:627,36,0,2
BRDA:627,36,1,0
BRDA:652,37,0,2
BRDA:652,37,1,0
BRDA:665,38,0,2
BRDA:665,38,1,2
BRDA:674,39,0,2
BRDA:674,39,1,2
BRDA:676,40,0,2
BRDA:676,40,1,2
BRDA:696,41,0,2
BRDA:696,41,1,2
BRDA:701,42,0,2
BRDA:701,42,1,0
BRDA:705,43,0,2
BRDA:705,43,1,2
BRDA:709,44,0,2
BRDA:709,44,1,0
BRDA:722,45,0,32
BRDA:722,45,1,6
BRDA:724,46,0,2
BRDA:724,46,1,4
BRDA:724,47,0,6
BRDA:724,47,1,6
BRDA:757,48,0,0
BRDA:757,48,1,4
BRDA:761,49,0,0
BRDA:761,49,1,4
BRDA:768,50,0,4
BRDA:768,50,1,4
BRDA:788,51,0,20
BRDA:788,51,1,0
BRDA:796,52,0,4
BRDA:796,52,1,4
BRDA:804,53,0,4
BRDA:804,53,1,0
BRDA:810,54,0,4
BRDA:810,54,1,0
BRDA:812,55,0,0
BRDA:812,55,1,0
BRDA:816,56,0,4
BRDA:816,56,1,0
BRDA:822,57,0,4
BRDA:822,57,1,0
BRDA:826,58,0,4
BRDA:826,58,1,0
BRDA:835,59,0,4
BRDA:835,59,1,0
BRDA:837,60,0,4
BRDA:837,60,1,4
BRDA:839,61,0,4
BRDA:839,61,1,0
BRDA:841,62,0,0
BRDA:841,62,1,0
BRDA:853,63,0,4
BRDA:853,63,1,0
BRDA:854,64,0,4
BRDA:854,64,1,0
BRDA:863,65,0,4
BRDA:863,65,1,4
BRDA:863,65,2,4
BRDA:876,66,0,0
BRDA:876,66,1,0
BRDA:923,67,0,4
BRDA:923,67,1,4
BRDA:975,68,0,26
BRDA:975,68,1,0
BRF:149
BRH:89
end_of_record
TN:
SF:src/components/ErrorBoundary.jsx
FN:4,(anonymous_0)
FN:9,(anonymous_1)
FN:13,(anonymous_2)
FN:20,(anonymous_3)
FN:24,(anonymous_4)
FN:69,(anonymous_5)
FNF:6
FNH:4
FNDA:29,(anonymous_0)
FNDA:27,(anonymous_1)
FNDA:9,(anonymous_2)
FNDA:0,(anonymous_3)
FNDA:45,(anonymous_4)
FNDA:0,(anonymous_5)
DA:5,29
DA:6,29
DA:10,18
DA:14,9
DA:15,9
DA:16,0
DA:20,0
DA:21,0
DA:25,45
DA:26,18
DA:27,18
DA:29,18
DA:30,0
DA:49,18
DA:69,0
DA:80,27
LF:16
LH:11
BRDA:15,0,0,0
BRDA:15,0,1,9
BRDA:25,1,0,18
BRDA:25,1,1,27
BRDA:26,2,0,18
BRDA:26,2,1,18
BRDA:29,3,0,0
BRDA:29,3,1,18
BRF:8
BRH:6
end_of_record
TN:
SF:src/components/GeneratingOverlay.jsx
FN:33,GeneratingOverlay
FN:39,(anonymous_1)
FN:41,(anonymous_2)
FN:42,(anonymous_3)
FN:44,(anonymous_4)
FN:44,(anonymous_5)
FN:45,(anonymous_6)
FN:49,(anonymous_7)
FN:50,(anonymous_8)
FN:50,(anonymous_9)
FN:51,(anonymous_10)
FN:57,(anonymous_11)
FN:58,(anonymous_12)
FN:67,(anonymous_13)
FN:100,(anonymous_14)
FN:226,(anonymous_15)
FNF:16
FNH:0
FNDA:0,GeneratingOverlay
FNDA:0,(anonymous_1)
FNDA:0,(anonymous_2)
FNDA:0,(anonymous_3)
FNDA:0,(anonymous_4)
FNDA:0,(anonymous_5)
FNDA:0,(anonymous_6)
FNDA:0,(anonymous_7)
FNDA:0,(anonymous_8)
FNDA:0,(anonymous_9)
FNDA:0,(anonymous_10)
FNDA:0,(anonymous_11)
FNDA:0,(anonymous_12)
FNDA:0,(anonymous_13)
FNDA:0,(anonymous_14)
FNDA:0,(anonymous_15)
DA:3,1
DA:31,1
DA:34,0
DA:35,0
DA:36,0
DA:39,0
DA:40,0
DA:41,0
DA:42,0
DA:44,0
DA:45,0
DA:49,0
DA:50,0
DA:51,0
DA:54,0
DA:57,0
DA:58,0
DA:67,0
DA:69,0
DA:101,0
DA:227,0
DA:228,0
DA:229,0
DA:231,0
LF:24
LH:2
BRDA:40,0,0,0
BRDA:40,0,1,0
BRDA:54,1,0,0
BRDA:54,1,1,0
BRDA:109,2,0,0
BRDA:109,2,1,0
BRDA:194,3,0,0
BRDA:194,3,1,0
BRDA:215,4,0,0
BRDA:215,4,1,0
BRDA:218,5,0,0
BRDA:218,5,1,0
BRDA:227,6,0,0
BRDA:227,6,1,0
BRDA:228,7,0,0
BRDA:228,7,1,0
BRDA:229,8,0,0
BRDA:229,8,1,0
BRDA:236,9,0,0
BRDA:236,9,1,0
BRDA:243,10,0,0
BRDA:243,10,1,0
BRDA:254,11,0,0
BRDA:254,11,1,0
BRDA:256,12,0,0
BRDA:256,12,1,0
BRDA:261,13,0,0
BRDA:261,13,1,0
BRDA:269,14,0,0
BRDA:269,14,1,0
BRDA:273,15,0,0
BRDA:273,15,1,0
BRDA:284,16,0,0
BRDA:284,16,1,0
BRDA:284,17,0,0
BRDA:284,17,1,0
BRDA:288,18,0,0
BRDA:288,18,1,0
BRDA:297,19,0,0
BRDA:297,19,1,0
BRDA:300,20,0,0
BRDA:300,20,1,0
BRF:42
BRH:0
end_of_record
TN:
SF:src/components/GlobalProcessIndicator.jsx
FN:9,GlobalProcessIndicator
FN:19,(anonymous_1)
FNF:2
FNH:1
FNDA:29,GlobalProcessIndicator
FNDA:0,(anonymous_1)
DA:10,29
DA:11,29
DA:12,29
DA:15,29
DA:17,0
DA:19,0
LF:6
LH:4
BRDA:15,0,0,0
BRDA:15,0,1,29
BRDA:15,1,0,29
BRDA:15,1,1,0
BRF:4
BRH:2
end_of_record
TN:
SF:src/components/MoodLogger.jsx
FN:25,MoodLogger
FN:34,(anonymous_1)
FN:34,(anonymous_2)
FN:36,(anonymous_3)
FN:38,(anonymous_4)
FN:69,(anonymous_5)
FN:75,(anonymous_6)
FN:81,(anonymous_7)
FN:85,(anonymous_8)
FN:88,(anonymous_9)
FN:89,(anonymous_10)
FN:93,(anonymous_11)
FN:126,(anonymous_12)
FN:175,(anonymous_13)
FN:200,(anonymous_14)
FN:206,(anonymous_15)
FN:231,(anonymous_16)
FN:238,(anonymous_17)
FN:272,(anonymous_18)
FNF:19
FNH:13
FNDA:29,MoodLogger
FNDA:11,(anonymous_1)
FNDA:11,(anonymous_2)
FNDA:1,(anonymous_3)
FNDA:2,(anonymous_4)
FNDA:0,(anonymous_5)
FNDA:0,(anonymous_6)
FNDA:0,(anonymous_7)
FNDA:0,(anonymous_8)
FNDA:169,(anonymous_9)
FNDA:87,(anonymous_10)
FNDA:2,(anonymous_11)
FNDA:7,(anonymous_12)
FNDA:0,(anonymous_13)
FNDA:216,(anonymous_14)
FNDA:3,(anonymous_15)
FNDA:135,(anonymous_16)
FNDA:0,(anonymous_17)
FNDA:5,(anonymous_18)
DA:5,1
DA:17,1
DA:26,29
DA:27,29
DA:28,29
DA:29,29
DA:30,29
DA:31,29
DA:32,29
DA:34,29
DA:36,29
DA:38,29
DA:39,2
DA:40,2
DA:41,2
DA:42,2
DA:43,2
DA:44,2
DA:46,2
DA:47,0
DA:54,2
DA:55,0
DA:63,2
DA:64,2
DA:65,2
DA:66,2
DA:68,2
DA:69,2
DA:73,0
DA:74,0
DA:75,0
DA:77,2
DA:81,29
DA:82,0
DA:83,0
DA:84,0
DA:85,0
DA:88,169
DA:89,87
DA:92,29
DA:93,2
DA:94,2
DA:123,27
DA:126,7
DA:175,0
DA:201,216
DA:202,216
DA:206,3
DA:232,135
DA:233,135
DA:234,135
DA:238,0
DA:272,5
LF:53
LH:42
BRDA:40,0,0,0
BRDA:40,0,1,2
BRDA:44,1,0,2
BRDA:44,1,1,0
BRDA:46,2,0,0
BRDA:46,2,1,2
BRDA:54,3,0,0
BRDA:54,3,1,2
BRDA:64,4,0,0
BRDA:64,4,1,2
BRDA:64,5,0,0
BRDA:64,5,1,2
BRDA:65,6,0,2
BRDA:65,6,1,2
BRDA:65,7,0,2
BRDA:65,7,1,0
BRDA:66,8,0,2
BRDA:66,8,1,0
BRDA:92,9,0,2
BRDA:92,9,1,27
BRDA:92,10,0,29
BRDA:92,10,1,2
BRDA:103,11,0,2
BRDA:103,11,1,0
BRDA:105,12,0,2
BRDA:105,12,1,2
BRDA:108,13,0,2
BRDA:108,13,1,0
BRDA:126,14,0,7
BRDA:126,14,1,0
BRDA:128,15,0,13
BRDA:128,15,1,14
BRDA:132,16,0,13
BRDA:132,16,1,14
BRDA:152,17,0,29
BRDA:152,17,1,0
BRDA:165,18,0,0
BRDA:165,18,1,0
BRDA:168,19,0,0
BRDA:168,19,1,0
BRDA:185,20,0,29
BRDA:185,20,1,0
BRDA:208,21,0,7
BRDA:208,21,1,209
BRDA:214,22,0,7
BRDA:214,22,1,209
BRDA:217,23,0,216
BRDA:217,23,1,7
BRDA:240,24,0,81
BRDA:240,24,1,54
BRDA:241,25,0,27
BRDA:241,25,1,54
BRDA:246,26,0,135
BRDA:246,26,1,27
BRDA:279,27,0,29
BRDA:279,27,1,5
BRDA:295,28,0,29
BRDA:295,28,1,25
BRDA:298,29,0,2
BRDA:298,29,1,25
BRDA:302,30,0,25
BRDA:302,30,1,5
BRF:62
BRH:45
end_of_record
TN:
SF:src/components/NotificationBell.jsx
FN:61,NotificationBell
FN:71,(anonymous_1)
FN:76,(anonymous_2)
FN:81,(anonymous_3)
FN:95,(anonymous_4)
FN:101,(anonymous_5)
FN:102,(anonymous_6)
FN:104,(anonymous_7)
FN:107,(anonymous_8)
FN:109,(anonymous_9)
FN:118,(anonymous_10)
FN:128,(anonymous_11)
FN:130,(anonymous_12)
FN:130,(anonymous_13)
FN:131,(anonymous_14)
FN:136,(anonymous_15)
FN:136,(anonymous_16)
FN:137,(anonymous_17)
FN:140,(anonymous_18)
FN:141,(anonymous_19)
FN:143,(anonymous_20)
FN:143,(anonymous_21)
FN:150,(anonymous_22)
FN:153,(anonymous_23)
FN:153,(anonymous_24)
FN:153,(anonymous_25)
FN:157,(anonymous_26)
FN:160,(anonymous_27)
FN:165,(anonymous_28)
FN:175,(anonymous_29)
FN:181,(anonymous_30)
FN:200,(anonymous_31)
FN:239,(anonymous_32)
FN:244,(anonymous_33)
FN:263,(anonymous_34)
FNF:35
FNH:14
FNDA:28,NotificationBell
FNDA:7,(anonymous_1)
FNDA:7,(anonymous_2)
FNDA:0,(anonymous_3)
FNDA:7,(anonymous_4)
FNDA:7,(anonymous_5)
FNDA:5,(anonymous_6)
FNDA:7,(anonymous_7)
FNDA:12,(anonymous_8)
FNDA:7,(anonymous_9)
FNDA:5,(anonymous_10)
FNDA:0,(anonymous_11)
FNDA:0,(anonymous_12)
FNDA:0,(anonymous_13)
FNDA:0,(anonymous_14)
FNDA:0,(anonymous_15)
FNDA:0,(anonymous_16)
FNDA:0,(anonymous_17)
FNDA:0,(anonymous_18)
FNDA:0,(anonymous_19)
FNDA:0,(anonymous_20)
FNDA:0,(anonymous_21)
FNDA:0,(anonymous_22)
FNDA:0,(anonymous_23)
FNDA:0,(anonymous_24)
FNDA:0,(anonymous_25)
FNDA:0,(anonymous_26)
FNDA:0,(anonymous_27)
FNDA:8,(anonymous_28)
FNDA:8,(anonymous_29)
FNDA:5,(anonymous_30)
FNDA:0,(anonymous_31)
FNDA:8,(anonymous_32)
FNDA:0,(anonymous_33)
FNDA:0,(anonymous_34)
DA:11,2
DA:54,2
DA:62,28
DA:63,28
DA:64,28
DA:65,28
DA:66,28
DA:67,28
DA:68,28
DA:71,28
DA:72,7
DA:73,7
DA:74,7
DA:76,7
DA:77,7
DA:78,7
DA:81,7
DA:82,0
DA:84,0
DA:87,0
DA:88,0
DA:89,0
DA:93,7
DA:94,7
DA:95,7
DA:96,7
DA:97,7
DA:101,28
DA:102,7
DA:103,7
DA:104,7
DA:107,28
DA:109,28
DA:110,7
DA:111,7
DA:112,7
DA:113,7
DA:115,0
DA:118,28
DA:119,5
DA:120,5
DA:121,5
DA:122,5
DA:124,0
DA:125,0
DA:126,5
DA:128,28
DA:130,0
DA:131,0
DA:132,0
DA:134,0
DA:136,0
DA:137,0
DA:140,28
DA:141,0
DA:142,0
DA:143,0
DA:144,0
DA:146,0
DA:147,0
DA:150,28
DA:151,0
DA:152,0
DA:153,0
DA:154,0
DA:156,0
DA:157,0
DA:160,28
DA:161,0
DA:162,0
DA:165,28
DA:166,8
DA:167,8
DA:168,8
DA:169,0
DA:170,0
DA:171,0
DA:172,0
DA:175,28
DA:177,28
DA:181,5
DA:200,0
DA:240,8
DA:241,8
DA:244,0
DA:263,0
LF:86
LH:51
BRDA:77,0,0,0
BRDA:77,0,1,7
BRDA:82,1,0,0
BRDA:82,1,1,0
BRDA:84,2,0,0
BRDA:84,2,1,0
BRDA:96,3,0,7
BRDA:96,3,1,0
BRDA:102,4,0,0
BRDA:102,4,1,5
BRDA:102,5,0,5
BRDA:102,5,1,5
BRDA:107,6,0,5
BRDA:107,6,1,7
BRDA:130,7,0,0
BRDA:130,7,1,0
BRDA:136,8,0,0
BRDA:136,8,1,0
BRDA:161,9,0,0
BRDA:161,9,1,0
BRDA:162,10,0,0
BRDA:162,10,1,0
BRDA:168,11,0,8
BRDA:168,11,1,0
BRDA:169,12,0,0
BRDA:169,12,1,0
BRDA:170,13,0,0
BRDA:170,13,1,0
BRDA:171,14,0,0
BRDA:171,14,1,0
BRDA:175,15,0,8
BRDA:175,15,1,8
BRDA:183,16,0,15
BRDA:183,16,1,12
BRDA:190,17,0,28
BRDA:190,17,1,17
BRDA:192,18,0,0
BRDA:192,18,1,17
BRDA:198,19,0,28
BRDA:198,19,1,15
BRDA:206,20,0,15
BRDA:206,20,1,12
BRDA:212,21,0,15
BRDA:212,21,1,12
BRDA:221,22,0,5
BRDA:221,22,1,10
BRDA:225,23,0,0
BRDA:225,23,1,10
BRDA:227,24,0,6
BRDA:227,24,1,4
BRDA:246,25,0,4
BRDA:246,25,1,4
BRDA:258,26,0,4
BRDA:258,26,1,4
BRDA:271,27,0,8
BRDA:271,27,1,8
BRDA:276,28,0,8
BRDA:276,28,1,4
BRDA:283,29,0,8
BRDA:283,29,1,4
BRDA:297,30,0,15
BRDA:297,30,1,0
BRF:62
BRH:37
end_of_record
TN:
SF:src/components/ProtectedRoute.jsx
FN:6,ProtectedRoute
FN:23,(anonymous_1)
FN:49,(anonymous_2)
FNF:3
FNH:1
FNDA:11,ProtectedRoute
FNDA:0,(anonymous_1)
FNDA:0,(anonymous_2)
DA:7,11
DA:8,11
DA:9,11
DA:11,11
DA:12,1
DA:19,10
DA:20,1
DA:23,9
DA:24,0
DA:25,0
DA:26,0
DA:30,0
DA:34,9
DA:49,0
LF:14
LH:9
BRDA:11,0,0,1
BRDA:11,0,1,10
BRDA:19,1,0,1
BRDA:19,1,1,9
BRDA:36,2,0,9
BRDA:36,2,1,8
BRDA:36,2,2,0
BRDA:36,2,3,0
BRDA:45,3,0,0
BRDA:45,3,1,0
BRF:10
BRH:6
end_of_record
TN:
SF:src/components/StudyPlanView.jsx
FN:13,StudyPlanView
FN:23,(anonymous_1)
FN:27,(anonymous_2)
FN:33,(anonymous_3)
FN:46,(anonymous_4)
FN:51,(anonymous_5)
FN:61,(anonymous_6)
FN:78,(anonymous_7)
FN:87,(anonymous_8)
FN:142,(anonymous_9)
FN:167,(anonymous_10)
FN:189,(anonymous_11)
FN:192,(anonymous_12)
FN:265,(anonymous_13)
FNF:14
FNH:5
FNDA:15,StudyPlanView
FNDA:5,(anonymous_1)
FNDA:5,(anonymous_2)
FNDA:4,(anonymous_3)
FNDA:0,(anonymous_4)
FNDA:0,(anonymous_5)
FNDA:0,(anonymous_6)
FNDA:0,(anonymous_7)
FNDA:0,(anonymous_8)
FNDA:0,(anonymous_9)
FNDA:0,(anonymous_10)
FNDA:4,(anonymous_11)
FNDA:0,(anonymous_12)
FNDA:0,(anonymous_13)
DA:14,15
DA:15,15
DA:16,15
DA:17,15
DA:18,15
DA:21,15
DA:23,15
DA:24,5
DA:27,15
DA:28,5
DA:29,5
DA:30,5
DA:31,5
DA:33,5
DA:34,5
DA:35,4
DA:36,1
DA:37,0
DA:40,0
DA:42,5
DA:46,15
DA:47,0
DA:48,0
DA:51,15
DA:52,0
DA:53,0
DA:54,0
DA:55,0
DA:57,0
DA:61,15
DA:62,0
DA:63,0
DA:64,0
DA:65,0
DA:68,0
DA:74,0
DA:78,15
DA:79,0
DA:81,0
DA:82,0
DA:83,0
DA:86,0
DA:87,0
DA:89,0
DA:92,0
DA:94,0
DA:99,0
DA:106,0
DA:110,15
DA:111,5
DA:123,10
DA:142,0
DA:167,0
DA:190,4
DA:192,0
DA:265,0
LF:56
LH:26
BRDA:34,0,0,4
BRDA:34,0,1,1
BRDA:36,1,0,0
BRDA:36,1,1,1
BRDA:52,2,0,0
BRDA:52,2,1,0
BRDA:62,3,0,0
BRDA:62,3,1,0
BRDA:65,4,0,0
BRDA:65,4,1,0
BRDA:79,5,0,0
BRDA:79,5,1,0
BRDA:82,6,0,0
BRDA:82,6,1,0
BRDA:83,7,0,0
BRDA:83,7,1,0
BRDA:86,8,0,0
BRDA:86,8,1,0
BRDA:110,9,0,5
BRDA:110,9,1,10
BRDA:140,10,0,10
BRDA:140,10,1,10
BRDA:162,11,0,15
BRDA:162,11,1,0
BRDA:181,12,0,6
BRDA:181,12,1,4
BRDA:194,13,0,4
BRDA:194,13,1,0
BRDA:201,14,0,4
BRDA:201,14,1,4
BRDA:203,15,0,4
BRDA:203,15,1,0
BRDA:214,16,0,4
BRDA:214,16,1,0
BRDA:218,17,0,4
BRDA:218,17,1,0
BRDA:220,18,0,4
BRDA:220,18,1,0
BRDA:226,19,0,4
BRDA:226,19,1,0
BRDA:229,20,0,4
BRDA:229,20,1,0
BRDA:240,21,0,4
BRDA:240,21,1,6
BRDA:261,22,0,15
BRDA:261,22,1,0
BRF:46
BRH:22
end_of_record
TN:
SF:src/components/WhatIfCalculator.jsx
FN:22,(anonymous_0)
FN:29,WhatIfCalculator
FN:40,(anonymous_2)
FN:41,(anonymous_3)
FN:45,(anonymous_4)
FN:47,(anonymous_5)
FN:54,(anonymous_6)
FN:61,(anonymous_7)
FN:64,(anonymous_8)
FN:66,(anonymous_9)
FN:73,(anonymous_10)
FN:83,(anonymous_11)
FN:83,(anonymous_12)
FN:88,(anonymous_13)
FN:92,(anonymous_14)
FN:105,(anonymous_15)
FN:108,(anonymous_16)
FN:118,(anonymous_17)
FN:119,(anonymous_18)
FN:132,(anonymous_19)
FN:155,(anonymous_20)
FN:158,(anonymous_21)
FN:239,(anonymous_22)
FN:250,(anonymous_23)
FN:252,(anonymous_24)
FN:260,(anonymous_25)
FN:263,(anonymous_26)
FN:293,(anonymous_27)
FN:338,(anonymous_28)
FN:343,(anonymous_29)
FN:344,(anonymous_30)
FN:348,(anonymous_31)
FN:374,(anonymous_32)
FN:386,(anonymous_33)
FN:418,(anonymous_34)
FN:433,(anonymous_35)
FN:436,(anonymous_36)
FN:450,ArrowUpIcon
FN:453,ThumbUpIcon
FN:456,ShuffleIcon
FN:459,ChartIcon
FN:462,ArrowDownIcon
FNF:42
FNH:19
FNDA:96,(anonymous_0)
FNDA:14,WhatIfCalculator
FNDA:6,(anonymous_2)
FNDA:6,(anonymous_3)
FNDA:0,(anonymous_4)
FNDA:6,(anonymous_5)
FNDA:12,(anonymous_6)
FNDA:12,(anonymous_7)
FNDA:12,(anonymous_8)
FNDA:24,(anonymous_9)
FNDA:12,(anonymous_10)
FNDA:14,(anonymous_11)
FNDA:52,(anonymous_12)
FNDA:12,(anonymous_13)
FNDA:12,(anonymous_14)
FNDA:0,(anonymous_15)
FNDA:0,(anonymous_16)
FNDA:0,(anonymous_17)
FNDA:0,(anonymous_18)
FNDA:0,(anonymous_19)
FNDA:42,(anonymous_20)
FNDA:0,(anonymous_21)
FNDA:0,(anonymous_22)
FNDA:16,(anonymous_23)
FNDA:32,(anonymous_24)
FNDA:96,(anonymous_25)
FNDA:0,(anonymous_26)
FNDA:0,(anonymous_27)
FNDA:0,(anonymous_28)
FNDA:0,(anonymous_29)
FNDA:0,(anonymous_30)
FNDA:0,(anonymous_31)
FNDA:0,(anonymous_32)
FNDA:0,(anonymous_33)
FNDA:0,(anonymous_34)
FNDA:16,(anonymous_35)
FNDA:0,(anonymous_36)
FNDA:0,ArrowUpIcon
FNDA:0,ThumbUpIcon
FNDA:0,ShuffleIcon
FNDA:0,ChartIcon
FNDA:0,ArrowDownIcon
DA:4,1
DA:13,1
DA:22,1
DA:23,96
DA:24,96
DA:25,16
DA:26,16
DA:30,14
DA:31,14
DA:32,14
DA:33,14
DA:34,14
DA:35,14
DA:36,14
DA:37,14
DA:38,14
DA:40,14
DA:41,6
DA:42,6
DA:45,14
DA:47,14
DA:48,6
DA:49,6
DA:50,6
DA:51,6
DA:52,6
DA:53,6
DA:54,12
DA:55,6
DA:56,6
DA:57,6
DA:61,14
DA:62,12
DA:63,6
DA:64,6
DA:65,12
DA:66,24
DA:67,12
DA:68,12
DA:70,6
DA:73,14
DA:74,12
DA:75,12
DA:76,12
DA:77,12
DA:78,12
DA:79,12
DA:82,14
DA:83,52
DA:84,14
DA:85,14
DA:88,14
DA:89,12
DA:90,6
DA:91,12
DA:92,12
DA:93,12
DA:94,12
DA:95,12
DA:96,12
DA:97,12
DA:98,12
DA:105,14
DA:106,0
DA:107,0
DA:108,0
DA:109,0
DA:110,0
DA:111,0
DA:112,0
DA:113,0
DA:115,0
DA:118,14
DA:119,0
DA:120,0
DA:123,14
DA:129,14
DA:132,0
DA:156,42
DA:158,0
DA:239,0
DA:251,16
DA:252,32
DA:253,16
DA:261,96
DA:263,0
DA:293,0
DA:339,0
DA:344,0
DA:345,0
DA:347,0
DA:348,0
DA:349,0
DA:350,0
DA:375,0
DA:376,0
DA:383,0
DA:386,0
DA:418,0
DA:433,16
DA:436,0
DA:451,0
DA:454,0
DA:457,0
DA:460,0
DA:463,0
LF:106
LH:72
BRDA:24,0,0,80
BRDA:24,0,1,16
BRDA:26,1,0,16
BRDA:26,1,1,0
BRDA:54,2,0,12
BRDA:54,2,1,12
BRDA:56,3,0,6
BRDA:56,3,1,0
BRDA:62,4,0,6
BRDA:62,4,1,6
BRDA:65,5,0,12
BRDA:65,5,1,0
BRDA:66,6,0,12
BRDA:66,6,1,0
BRDA:70,7,0,6
BRDA:70,7,1,0
BRDA:74,8,0,12
BRDA:74,8,1,6
BRDA:75,9,0,12
BRDA:75,9,1,6
BRDA:79,10,0,6
BRDA:79,10,1,6
BRDA:83,11,0,14
BRDA:83,11,1,0
BRDA:85,12,0,14
BRDA:85,12,1,6
BRDA:89,13,0,6
BRDA:89,13,1,6
BRDA:89,14,0,12
BRDA:89,14,1,6
BRDA:90,15,0,6
BRDA:90,15,1,0
BRDA:91,16,0,12
BRDA:91,16,1,0
BRDA:92,17,0,12
BRDA:92,17,1,0
BRDA:96,18,0,6
BRDA:96,18,1,0
BRDA:97,19,0,12
BRDA:97,19,1,0
BRDA:100,20,0,6
BRDA:100,20,1,0
BRDA:100,21,0,0
BRDA:100,21,1,0
BRDA:100,22,0,0
BRDA:100,22,1,0
BRDA:100,23,0,0
BRDA:100,23,1,0
BRDA:109,24,0,0
BRDA:109,24,1,0
BRDA:109,25,0,0
BRDA:109,25,1,0
BRDA:110,26,0,0
BRDA:110,26,1,0
BRDA:111,27,0,0
BRDA:111,27,1,0
BRDA:113,28,0,0
BRDA:113,28,1,0
BRDA:132,29,0,0
BRDA:132,29,1,0
BRDA:133,30,0,4
BRDA:133,30,1,10
BRDA:136,31,0,4
BRDA:136,31,1,10
BRDA:160,32,0,14
BRDA:160,32,1,28
BRDA:172,33,0,6
BRDA:172,33,1,8
BRDA:189,34,0,8
BRDA:189,34,1,0
BRDA:190,35,0,0
BRDA:190,35,1,0
BRDA:196,36,0,8
BRDA:196,36,1,8
BRDA:197,37,0,8
BRDA:197,37,1,0
BRDA:198,38,0,8
BRDA:198,38,1,0
BRDA:203,39,0,0
BRDA:203,39,1,8
BRDA:203,40,0,8
BRDA:203,40,1,0
BRDA:203,41,0,0
BRDA:203,41,1,0
BRDA:209,42,0,8
BRDA:209,42,1,0
BRDA:210,43,0,8
BRDA:210,43,1,0
BRDA:210,44,0,8
BRDA:210,44,1,0
BRDA:220,45,0,8
BRDA:220,45,1,0
BRDA:223,46,0,8
BRDA:223,46,1,0
BRDA:228,47,0,8
BRDA:228,47,1,0
BRDA:228,48,0,0
BRDA:228,48,1,0
BRDA:234,49,0,8
BRDA:234,49,1,8
BRDA:246,50,0,0
BRDA:246,50,1,8
BRDA:251,51,0,16
BRDA:251,51,1,0
BRDA:252,52,0,16
BRDA:252,52,1,0
BRDA:257,53,0,16
BRDA:257,53,1,0
BRDA:283,54,0,8
BRDA:283,54,1,0
BRDA:309,55,0,0
BRDA:309,55,1,0
BRDA:311,56,0,0
BRDA:311,56,1,0
BRDA:317,57,0,0
BRDA:317,57,1,0
BRDA:323,58,0,0
BRDA:323,58,1,0
BRDA:328,59,0,0
BRDA:328,59,1,0
BRDA:339,60,0,0
BRDA:339,60,1,0
BRDA:345,61,0,0
BRDA:345,61,1,0
BRDA:364,62,0,8
BRDA:364,62,1,0
BRDA:377,63,0,0
BRDA:377,63,1,0
BRDA:378,64,0,0
BRDA:378,64,1,0
BRDA:379,65,0,0
BRDA:379,65,1,0
BRDA:380,66,0,0
BRDA:380,66,1,0
BRDA:381,67,0,0
BRDA:381,67,1,0
BRDA:388,68,0,0
BRDA:388,68,1,0
BRDA:395,69,0,0
BRDA:395,69,1,0
BRDA:409,70,0,0
BRDA:409,70,1,0
BRDA:414,71,0,0
BRDA:414,71,1,0
BRDA:414,72,0,0
BRDA:414,72,1,0
BRDA:414,73,0,0
BRDA:414,73,1,0
BRDA:433,74,0,16
BRDA:433,74,1,0
BRF:150
BRH:60
end_of_record
TN:
SF:src/components/studyplan/AudioPlayer.jsx
FN:5,AudioPlayer
FN:19,(anonymous_1)
FN:127,(anonymous_2)
FNF:3
FNH:0
FNDA:0,AudioPlayer
FNDA:0,(anonymous_1)
FNDA:0,(anonymous_2)
DA:6,0
DA:7,0
DA:8,0
DA:9,0
DA:10,0
DA:11,0
DA:12,0
DA:14,0
DA:16,0
DA:17,0
DA:19,0
DA:20,0
DA:23,0
DA:24,0
DA:25,0
DA:27,0
DA:30,0
DA:31,0
DA:32,0
DA:33,0
DA:36,0
DA:37,0
DA:38,0
DA:39,0
DA:40,0
DA:41,0
DA:42,0
DA:45,0
DA:46,0
DA:47,0
DA:48,0
DA:49,0
DA:51,0
DA:52,0
DA:53,0
DA:54,0
DA:55,0
DA:56,0
DA:57,0
DA:58,0
DA:59,0
DA:60,0
DA:62,0
DA:64,0
DA:68,0
DA:70,0
DA:127,0
LF:47
LH:0
BRDA:5,0,0,0
BRDA:7,1,0,0
BRDA:7,1,1,0
BRDA:8,2,0,0
BRDA:8,2,1,0
BRDA:14,3,0,0
BRDA:14,3,1,0
BRDA:20,4,0,0
BRDA:20,4,1,0
BRDA:20,5,0,0
BRDA:20,5,1,0
BRDA:23,6,0,0
BRDA:23,6,1,0
BRDA:23,7,0,0
BRDA:23,7,1,0
BRDA:24,8,0,0
BRDA:24,8,1,0
BRDA:25,9,0,0
BRDA:25,9,1,0
BRDA:36,10,0,0
BRDA:36,10,1,0
BRDA:36,11,0,0
BRDA:36,11,1,0
BRDA:48,12,0,0
BRDA:48,12,1,0
BRDA:52,13,0,0
BRDA:52,13,1,0
BRDA:52,13,2,0
BRDA:53,14,0,0
BRDA:53,14,1,0
BRDA:53,15,0,0
BRDA:53,15,1,0
BRDA:55,16,0,0
BRDA:55,16,1,0
BRDA:55,17,0,0
BRDA:55,17,1,0
BRDA:57,18,0,0
BRDA:57,18,1,0
BRDA:57,19,0,0
BRDA:57,19,1,0
BRDA:59,20,0,0
BRDA:59,20,1,0
BRDA:59,21,0,0
BRDA:59,21,1,0
BRDA:68,22,0,0
BRDA:68,22,1,0
BRDA:74,23,0,0
BRDA:74,23,1,0
BRDA:79,24,0,0
BRDA:79,24,1,0
BRDA:81,25,0,0
BRDA:81,25,1,0
BRDA:83,26,0,0
BRDA:83,26,1,0
BRDA:88,27,0,0
BRDA:88,27,1,0
BRDA:93,28,0,0
BRDA:93,28,1,0
BRDA:105,29,0,0
BRDA:105,29,1,0
BRDA:111,30,0,0
BRDA:111,30,1,0
BRDA:111,30,2,0
BRDA:115,31,0,0
BRDA:115,31,1,0
BRDA:115,31,2,0
BRDA:125,32,0,0
BRDA:125,32,1,0
BRDA:125,32,2,0
BRDA:125,32,3,0
BRDA:130,33,0,0
BRDA:130,33,1,0
BRDA:135,34,0,0
BRDA:135,34,1,0
BRDA:135,34,2,0
BRDA:140,35,0,0
BRDA:140,35,1,0
BRDA:156,36,0,0
BRDA:156,36,1,0
BRDA:156,36,2,0
BRDA:169,37,0,0
BRDA:169,37,1,0
BRDA:169,37,2,0
BRF:83
BRH:0
end_of_record
TN:
SF:src/components/studyplan/ConceptDiagram.jsx
FN:24,layoutTree
FN:27,(anonymous_1)
FN:32,(anonymous_2)
FN:33,(anonymous_3)
FN:35,(anonymous_4)
FN:38,(anonymous_5)
FN:40,(anonymous_6)
FN:44,layoutFlow
FN:48,(anonymous_8)
FN:49,(anonymous_9)
FN:54,(anonymous_10)
FN:54,(anonymous_11)
FN:59,(anonymous_12)
FN:61,(anonymous_13)
FN:66,layoutTimeline
FN:69,(anonymous_15)
FN:70,(anonymous_16)
FN:71,(anonymous_17)
FN:75,(anonymous_18)
FN:76,(anonymous_19)
FN:80,layoutCycle
FN:83,(anonymous_21)
FN:87,(anonymous_22)
FN:89,(anonymous_23)
FN:96,layoutMindmap
FN:99,(anonymous_25)
FN:101,(anonymous_26)
FN:103,(anonymous_27)
FN:108,(anonymous_28)
FN:110,(anonymous_29)
FN:118,(anonymous_30)
FN:127,getRectEdgePoint
FN:134,computeQuadBezier
FN:154,ConceptDiagram
FN:157,(anonymous_34)
FN:164,(anonymous_35)
FN:242,(anonymous_36)
FN:276,(anonymous_37)
FN:288,(anonymous_38)
FN:289,(anonymous_39)
FN:321,(anonymous_40)
FN:405,(anonymous_41)
FN:407,(anonymous_42)
FN:408,(anonymous_43)
FN:409,(anonymous_44)
FNF:45
FNH:0
FNDA:0,layoutTree
FNDA:0,(anonymous_1)
FNDA:0,(anonymous_2)
FNDA:0,(anonymous_3)
FNDA:0,(anonymous_4)
FNDA:0,(anonymous_5)
FNDA:0,(anonymous_6)
FNDA:0,layoutFlow
FNDA:0,(anonymous_8)
FNDA:0,(anonymous_9)
FNDA:0,(anonymous_10)
FNDA:0,(anonymous_11)
FNDA:0,(anonymous_12)
FNDA:0,(anonymous_13)
FNDA:0,layoutTimeline
FNDA:0,(anonymous_15)
FNDA:0,(anonymous_16)
FNDA:0,(anonymous_17)
FNDA:0,(anonymous_18)
FNDA:0,(anonymous_19)
FNDA:0,layoutCycle
FNDA:0,(anonymous_21)
FNDA:0,(anonymous_22)
FNDA:0,(anonymous_23)
FNDA:0,layoutMindmap
FNDA:0,(anonymous_25)
FNDA:0,(anonymous_26)
FNDA:0,(anonymous_27)
FNDA:0,(anonymous_28)
FNDA:0,(anonymous_29)
FNDA:0,(anonymous_30)
FNDA:0,getRectEdgePoint
FNDA:0,computeQuadBezier
FNDA:0,ConceptDiagram
FNDA:0,(anonymous_34)
FNDA:0,(anonymous_35)
FNDA:0,(anonymous_36)
FNDA:0,(anonymous_37)
FNDA:0,(anonymous_38)
FNDA:0,(anonymous_39)
FNDA:0,(anonymous_40)
FNDA:0,(anonymous_41)
FNDA:0,(anonymous_42)
FNDA:0,(anonymous_43)
FNDA:0,(anonymous_44)
DA:10,2
DA:18,2
DA:19,2
DA:20,2
DA:25,0
DA:26,0
DA:27,0
DA:28,0
DA:29,0
DA:30,0
DA:32,0
DA:33,0
DA:34,0
DA:35,0
DA:36,0
DA:37,0
DA:38,0
DA:40,0
DA:41,0
DA:45,0
DA:46,0
DA:47,0
DA:48,0
DA:49,0
DA:50,0
DA:51,0
DA:53,0
DA:54,0
DA:55,0
DA:56,0
DA:57,0
DA:59,0
DA:60,0
DA:61,0
DA:62,0
DA:63,0
DA:67,0
DA:68,0
DA:69,0
DA:70,0
DA:71,0
DA:72,0
DA:73,0
DA:74,0
DA:75,0
DA:76,0
DA:77,0
DA:81,0
DA:82,0
DA:83,0
DA:84,0
DA:85,0
DA:86,0
DA:87,0
DA:88,0
DA:89,0
DA:90,0
DA:91,0
DA:93,0
DA:97,0
DA:98,0
DA:99,0
DA:100,0
DA:101,0
DA:102,0
DA:103,0
DA:104,0
DA:105,0
DA:107,0
DA:108,0
DA:109,0
DA:110,0
DA:111,0
DA:112,0
DA:113,0
DA:114,0
DA:117,0
DA:118,0
DA:119,0
DA:120,0
DA:123,2
DA:128,0
DA:129,0
DA:130,0
DA:131,0
DA:135,0
DA:136,0
DA:137,0
DA:138,0
DA:139,0
DA:140,0
DA:144,2
DA:155,0
DA:157,0
DA:158,0
DA:159,0
DA:162,0
DA:164,0
DA:165,0
DA:166,0
DA:167,0
DA:168,0
DA:169,0
DA:172,0
DA:173,0
DA:174,0
DA:176,0
DA:243,0
DA:244,0
DA:245,0
DA:246,0
DA:247,0
DA:248,0
DA:250,0
DA:251,0
DA:257,0
DA:258,0
DA:260,0
DA:277,0
DA:278,0
DA:279,0
DA:280,0
DA:281,0
DA:282,0
DA:283,0
DA:285,0
DA:288,0
DA:289,0
DA:322,0
DA:323,0
DA:324,0
DA:325,0
DA:334,0
DA:335,0
DA:336,0
DA:337,0
DA:338,0
DA:339,0
DA:340,0
DA:341,0
DA:406,0
DA:408,0
DA:409,0
LF:143
LH:6
BRDA:28,0,0,0
BRDA:28,0,1,0
BRDA:29,1,0,0
BRDA:29,1,1,0
BRDA:50,2,0,0
BRDA:50,2,1,0
BRDA:50,3,0,0
BRDA:50,3,1,0
BRDA:51,4,0,0
BRDA:51,4,1,0
BRDA:51,5,0,0
BRDA:51,5,1,0
BRDA:57,6,0,0
BRDA:57,6,1,0
BRDA:57,7,0,0
BRDA:57,7,1,0
BRDA:59,8,0,0
BRDA:59,8,1,0
BRDA:69,9,0,0
BRDA:69,9,1,0
BRDA:69,10,0,0
BRDA:69,10,1,0
BRDA:70,11,0,0
BRDA:70,11,1,0
BRDA:71,12,0,0
BRDA:71,12,1,0
BRDA:74,13,0,0
BRDA:74,13,1,0
BRDA:75,14,0,0
BRDA:75,14,1,0
BRDA:83,15,0,0
BRDA:83,15,1,0
BRDA:83,16,0,0
BRDA:83,16,1,0
BRDA:86,17,0,0
BRDA:86,17,1,0
BRDA:87,18,0,0
BRDA:87,18,1,0
BRDA:99,19,0,0
BRDA:99,19,1,0
BRDA:99,20,0,0
BRDA:99,20,1,0
BRDA:101,21,0,0
BRDA:101,21,1,0
BRDA:101,22,0,0
BRDA:101,22,1,0
BRDA:102,23,0,0
BRDA:102,23,1,0
BRDA:108,24,0,0
BRDA:108,24,1,0
BRDA:108,25,0,0
BRDA:108,25,1,0
BRDA:108,26,0,0
BRDA:108,26,1,0
BRDA:110,27,0,0
BRDA:110,27,1,0
BRDA:111,28,0,0
BRDA:111,28,1,0
BRDA:113,29,0,0
BRDA:113,29,1,0
BRDA:129,30,0,0
BRDA:129,30,1,0
BRDA:129,31,0,0
BRDA:129,31,1,0
BRDA:130,32,0,0
BRDA:130,32,1,0
BRDA:139,33,0,0
BRDA:139,33,1,0
BRDA:139,34,0,0
BRDA:139,34,1,0
BRDA:154,35,0,0
BRDA:154,36,0,0
BRDA:158,37,0,0
BRDA:158,37,1,0
BRDA:159,38,0,0
BRDA:159,38,1,0
BRDA:159,39,0,0
BRDA:159,39,1,0
BRDA:162,40,0,0
BRDA:162,40,1,0
BRDA:165,41,0,0
BRDA:165,41,1,0
BRDA:168,42,0,0
BRDA:168,42,1,0
BRDA:169,43,0,0
BRDA:169,43,1,0
BRDA:169,44,0,0
BRDA:169,44,1,0
BRDA:173,45,0,0
BRDA:173,45,1,0
BRDA:174,46,0,0
BRDA:174,46,1,0
BRDA:180,47,0,0
BRDA:180,47,1,0
BRDA:193,48,0,0
BRDA:193,48,1,0
BRDA:194,49,0,0
BRDA:194,49,1,0
BRDA:197,50,0,0
BRDA:197,50,1,0
BRDA:208,51,0,0
BRDA:208,51,1,0
BRDA:208,52,0,0
BRDA:208,52,1,0
BRDA:239,53,0,0
BRDA:239,53,1,0
BRDA:239,54,0,0
BRDA:239,54,1,0
BRDA:242,55,0,0
BRDA:242,55,1,0
BRDA:243,56,0,0
BRDA:243,56,1,0
BRDA:243,57,0,0
BRDA:243,57,1,0
BRDA:245,58,0,0
BRDA:245,58,1,0
BRDA:245,59,0,0
BRDA:245,59,1,0
BRDA:250,60,0,0
BRDA:250,60,1,0
BRDA:251,61,0,0
BRDA:251,61,1,0
BRDA:263,62,0,0
BRDA:263,62,1,0
BRDA:278,63,0,0
BRDA:278,63,1,0
BRDA:279,64,0,0
BRDA:279,64,1,0
BRDA:282,65,0,0
BRDA:282,65,1,0
BRDA:283,66,0,0
BRDA:283,66,1,0
BRDA:288,67,0,0
BRDA:288,67,1,0
BRDA:289,68,0,0
BRDA:289,68,1,0
BRDA:289,69,0,0
BRDA:289,69,1,0
BRDA:289,70,0,0
BRDA:289,70,1,0
BRDA:293,71,0,0
BRDA:293,71,1,0
BRDA:303,72,0,0
BRDA:303,72,1,0
BRDA:304,73,0,0
BRDA:304,73,1,0
BRDA:305,74,0,0
BRDA:305,74,1,0
BRDA:309,75,0,0
BRDA:309,75,1,0
BRDA:322,76,0,0
BRDA:322,76,1,0
BRDA:324,77,0,0
BRDA:324,77,1,0
BRDA:327,78,0,0
BRDA:327,78,1,0
BRDA:336,79,0,0
BRDA:336,79,1,0
BRDA:337,80,0,0
BRDA:337,80,1,0
BRDA:340,81,0,0
BRDA:340,81,1,0
BRDA:344,82,0,0
BRDA:344,82,1,0
BRDA:349,83,0,0
BRDA:349,83,1,0
BRDA:358,84,0,0
BRDA:358,84,1,0
BRDA:373,85,0,0
BRDA:373,85,1,0
BRDA:385,86,0,0
BRDA:385,86,1,0
BRDA:402,87,0,0
BRDA:402,87,1,0
BRDA:409,88,0,0
BRDA:409,88,1,0
BRDA:409,89,0,0
BRDA:409,89,1,0
BRF:178
BRH:0
end_of_record
TN:
SF:src/components/studyplan/PracticeExercise.jsx
FN:4,(anonymous_0)
FN:7,(anonymous_1)
FN:12,(anonymous_2)
FN:17,(anonymous_3)
FN:49,PracticeExercise
FN:61,(anonymous_5)
FN:85,(anonymous_6)
FN:87,(anonymous_7)
FN:93,(anonymous_8)
FN:94,(anonymous_9)
FN:97,(anonymous_10)
FN:105,(anonymous_11)
FN:119,(anonymous_12)
FN:123,(anonymous_13)
FN:127,(anonymous_14)
FN:192,(anonymous_15)
FN:211,(anonymous_16)
FN:211,(anonymous_17)
FN:250,(anonymous_18)
FN:262,(anonymous_19)
FN:329,(anonymous_20)
FN:346,(anonymous_21)
FN:357,(anonymous_22)
FN:403,(anonymous_23)
FN:403,(anonymous_24)
FN:410,(anonymous_25)
FN:422,(anonymous_26)
FN:423,(anonymous_27)
FNF:28
FNH:0
FNDA:0,(anonymous_0)
FNDA:0,(anonymous_1)
FNDA:0,(anonymous_2)
FNDA:0,(anonymous_3)
FNDA:0,PracticeExercise
FNDA:0,(anonymous_5)
FNDA:0,(anonymous_6)
FNDA:0,(anonymous_7)
FNDA:0,(anonymous_8)
FNDA:0,(anonymous_9)
FNDA:0,(anonymous_10)
FNDA:0,(anonymous_11)
FNDA:0,(anonymous_12)
FNDA:0,(anonymous_13)
FNDA:0,(anonymous_14)
FNDA:0,(anonymous_15)
FNDA:0,(anonymous_16)
FNDA:0,(anonymous_17)
FNDA:0,(anonymous_18)
FNDA:0,(anonymous_19)
FNDA:0,(anonymous_20)
FNDA:0,(anonymous_21)
FNDA:0,(anonymous_22)
FNDA:0,(anonymous_23)
FNDA:0,(anonymous_24)
FNDA:0,(anonymous_25)
FNDA:0,(anonymous_26)
FNDA:0,(anonymous_27)
DA:4,2
DA:7,2
DA:8,0
DA:12,2
DA:13,0
DA:17,2
DA:18,0
DA:23,2
DA:33,2
DA:43,2
DA:50,0
DA:51,0
DA:52,0
DA:53,0
DA:54,0
DA:55,0
DA:56,0
DA:57,0
DA:58,0
DA:59,0
DA:61,0
DA:62,0
DA:63,0
DA:64,0
DA:65,0
DA:66,0
DA:67,0
DA:68,0
DA:70,0
DA:71,0
DA:72,0
DA:74,0
DA:75,0
DA:78,0
DA:79,0
DA:81,0
DA:85,0
DA:86,0
DA:87,0
DA:93,0
DA:94,0
DA:97,0
DA:98,0
DA:99,0
DA:100,0
DA:102,0
DA:105,0
DA:106,0
DA:107,0
DA:108,0
DA:110,0
DA:111,0
DA:112,0
DA:119,0
DA:122,0
DA:123,0
DA:126,0
DA:127,0
DA:132,0
DA:137,0
DA:138,0
DA:192,0
DA:193,0
DA:194,0
DA:196,0
DA:211,0
DA:251,0
DA:252,0
DA:253,0
DA:254,0
DA:255,0
DA:256,0
DA:258,0
DA:262,0
DA:330,0
DA:336,0
DA:347,0
DA:348,0
DA:349,0
DA:350,0
DA:352,0
DA:354,0
DA:357,0
DA:381,0
DA:403,0
DA:410,0
DA:423,0
LF:87
LH:7
BRDA:49,0,0,0
BRDA:49,1,0,0
BRDA:62,2,0,0
BRDA:62,2,1,0
BRDA:67,3,0,0
BRDA:67,3,1,0
BRDA:68,4,0,0
BRDA:68,4,1,0
BRDA:74,5,0,0
BRDA:74,5,1,0
BRDA:100,6,0,0
BRDA:100,6,1,0
BRDA:108,7,0,0
BRDA:108,7,1,0
BRDA:122,8,0,0
BRDA:122,8,1,0
BRDA:137,9,0,0
BRDA:137,9,1,0
BRDA:145,10,0,0
BRDA:145,10,1,0
BRDA:159,11,0,0
BRDA:159,11,1,0
BRDA:159,11,2,0
BRDA:184,12,0,0
BRDA:184,12,1,0
BRDA:192,13,0,0
BRDA:192,13,1,0
BRDA:194,14,0,0
BRDA:194,14,1,0
BRDA:214,15,0,0
BRDA:214,15,1,0
BRDA:215,16,0,0
BRDA:215,16,1,0
BRDA:216,17,0,0
BRDA:216,17,1,0
BRDA:219,18,0,0
BRDA:219,18,1,0
BRDA:221,19,0,0
BRDA:221,19,1,0
BRDA:234,20,0,0
BRDA:234,20,1,0
BRDA:252,21,0,0
BRDA:252,21,1,0
BRDA:254,22,0,0
BRDA:254,22,1,0
BRDA:255,23,0,0
BRDA:255,23,1,0
BRDA:256,24,0,0
BRDA:256,24,1,0
BRDA:259,25,0,0
BRDA:259,25,1,0
BRDA:266,26,0,0
BRDA:266,26,1,0
BRDA:268,27,0,0
BRDA:268,27,1,0
BRDA:278,28,0,0
BRDA:278,28,1,0
BRDA:283,29,0,0
BRDA:283,29,1,0
BRDA:292,30,0,0
BRDA:292,30,1,0
BRDA:300,31,0,0
BRDA:300,31,1,0
BRDA:307,32,0,0
BRDA:307,32,1,0
BRDA:309,33,0,0
BRDA:309,33,1,0
BRDA:312,34,0,0
BRDA:312,34,1,0
BRDA:312,34,2,0
BRDA:332,35,0,0
BRDA:332,35,1,0
BRDA:344,36,0,0
BRDA:344,36,1,0
BRDA:344,36,2,0
BRDA:352,37,0,0
BRDA:352,37,1,0
BRDA:359,38,0,0
BRDA:359,38,1,0
BRDA:363,39,0,0
BRDA:363,39,1,0
BRDA:365,40,0,0
BRDA:365,40,1,0
BRDA:372,41,0,0
BRDA:372,41,1,0
BRDA:383,42,0,0
BRDA:383,42,1,0
BRDA:384,43,0,0
BRDA:384,43,1,0
BRDA:390,44,0,0
BRDA:390,44,1,0
BRDA:392,45,0,0
BRDA:392,45,1,0
BRDA:394,46,0,0
BRDA:394,46,1,0
BRDA:399,47,0,0
BRDA:399,47,1,0
BRDA:402,48,0,0
BRDA:402,48,1,0
BRDA:411,49,0,0
BRDA:411,49,1,0
BRDA:414,50,0,0
BRDA:414,50,1,0
BRDA:434,51,0,0
BRDA:434,51,1,0
BRDA:434,51,2,0
BRDA:436,52,0,0
BRDA:436,52,1,0
BRDA:437,53,0,0
BRDA:437,53,1,0
BRDA:441,54,0,0
BRDA:441,54,1,0
BRDA:447,55,0,0
BRDA:447,55,1,0
BRDA:447,55,2,0
BRDA:460,56,0,0
BRDA:460,56,1,0
BRDA:474,57,0,0
BRDA:474,57,1,0
BRF:119
BRH:0
end_of_record
TN:
SF:src/components/studyplan/ResourceCard.jsx
FN:5,ResourceCard
FN:25,(anonymous_1)
FN:29,(anonymous_2)
FN:39,(anonymous_3)
FN:50,(anonymous_4)
FN:57,(anonymous_5)
FN:68,(anonymous_6)
FN:71,(anonymous_7)
FN:71,(anonymous_8)
FN:78,(anonymous_9)
FN:115,(anonymous_10)
FN:169,(anonymous_11)
FN:189,(anonymous_12)
FN:202,(anonymous_13)
FN:229,(anonymous_14)
FN:285,(anonymous_15)
FN:334,(anonymous_16)
FN:342,(anonymous_17)
FN:350,(anonymous_18)
FN:353,(anonymous_19)
FN:364,(anonymous_20)
FN:367,(anonymous_21)
FN:406,(anonymous_22)
FN:421,(anonymous_23)
FN:422,(anonymous_24)
FN:426,(anonymous_25)
FNF:26
FNH:0
FNDA:0,ResourceCard
FNDA:0,(anonymous_1)
FNDA:0,(anonymous_2)
FNDA:0,(anonymous_3)
FNDA:0,(anonymous_4)
FNDA:0,(anonymous_5)
FNDA:0,(anonymous_6)
FNDA:0,(anonymous_7)
FNDA:0,(anonymous_8)
FNDA:0,(anonymous_9)
FNDA:0,(anonymous_10)
FNDA:0,(anonymous_11)
FNDA:0,(anonymous_12)
FNDA:0,(anonymous_13)
FNDA:0,(anonymous_14)
FNDA:0,(anonymous_15)
FNDA:0,(anonymous_16)
FNDA:0,(anonymous_17)
FNDA:0,(anonymous_18)
FNDA:0,(anonymous_19)
FNDA:0,(anonymous_20)
FNDA:0,(anonymous_21)
FNDA:0,(anonymous_22)
FNDA:0,(anonymous_23)
FNDA:0,(anonymous_24)
FNDA:0,(anonymous_25)
DA:6,0
DA:7,0
DA:8,0
DA:9,0
DA:12,0
DA:13,0
DA:14,0
DA:15,0
DA:16,0
DA:17,0
DA:18,0
DA:19,0
DA:20,0
DA:22,0
DA:23,0
DA:25,0
DA:26,0
DA:29,0
DA:30,0
DA:31,0
DA:32,0
DA:33,0
DA:35,0
DA:36,0
DA:39,0
DA:40,0
DA:41,0
DA:42,0
DA:43,0
DA:44,0
DA:50,0
DA:51,0
DA:53,0
DA:54,0
DA:57,0
DA:58,0
DA:59,0
DA:60,0
DA:61,0
DA:62,0
DA:65,0
DA:68,0
DA:69,0
DA:70,0
DA:71,0
DA:72,0
DA:74,0
DA:78,0
DA:79,0
DA:112,0
DA:115,0
DA:116,0
DA:117,0
DA:120,0
DA:128,0
DA:169,0
DA:189,0
DA:202,0
DA:231,0
DA:234,0
DA:285,0
DA:334,0
DA:342,0
DA:351,0
DA:353,0
DA:365,0
DA:367,0
DA:407,0
DA:421,0
DA:422,0
DA:426,0
LF:71
LH:0
BRDA:5,0,0,0
BRDA:22,1,0,0
BRDA:22,1,1,0
BRDA:26,2,0,0
BRDA:26,2,1,0
BRDA:26,3,0,0
BRDA:26,3,1,0
BRDA:33,4,0,0
BRDA:33,4,1,0
BRDA:40,5,0,0
BRDA:40,5,1,0
BRDA:58,6,0,0
BRDA:58,6,1,0
BRDA:58,7,0,0
BRDA:58,7,1,0
BRDA:112,8,0,0
BRDA:112,8,1,0
BRDA:117,9,0,0
BRDA:117,9,1,0
BRDA:131,10,0,0
BRDA:131,10,1,0
BRDA:140,11,0,0
BRDA:140,11,1,0
BRDA:142,12,0,0
BRDA:142,12,1,0
BRDA:144,13,0,0
BRDA:144,13,1,0
BRDA:145,14,0,0
BRDA:145,14,1,0
BRDA:154,15,0,0
BRDA:154,15,1,0
BRDA:155,16,0,0
BRDA:155,16,1,0
BRDA:166,17,0,0
BRDA:166,17,1,0
BRDA:166,17,2,0
BRDA:169,18,0,0
BRDA:169,18,1,0
BRDA:172,19,0,0
BRDA:172,19,1,0
BRDA:200,20,0,0
BRDA:200,20,1,0
BRDA:200,20,2,0
BRDA:204,21,0,0
BRDA:204,21,1,0
BRDA:212,22,0,0
BRDA:212,22,1,0
BRDA:213,23,0,0
BRDA:213,23,1,0
BRDA:213,23,2,0
BRDA:220,24,0,0
BRDA:220,24,1,0
BRDA:229,25,0,0
BRDA:229,25,1,0
BRDA:229,25,2,0
BRDA:229,25,3,0
BRDA:231,26,0,0
BRDA:231,26,1,0
BRDA:249,27,0,0
BRDA:249,27,1,0
BRDA:250,28,0,0
BRDA:250,28,1,0
BRDA:252,29,0,0
BRDA:252,29,1,0
BRDA:260,30,0,0
BRDA:260,30,1,0
BRDA:260,31,0,0
BRDA:260,31,1,0
BRDA:271,32,0,0
BRDA:271,32,1,0
BRDA:271,32,2,0
BRDA:271,32,3,0
BRDA:274,33,0,0
BRDA:274,33,1,0
BRDA:282,34,0,0
BRDA:282,34,1,0
BRDA:295,35,0,0
BRDA:295,35,1,0
BRDA:315,36,0,0
BRDA:315,36,1,0
BRDA:315,36,2,0
BRDA:328,37,0,0
BRDA:328,37,1,0
BRDA:355,38,0,0
BRDA:355,38,1,0
BRDA:369,39,0,0
BRDA:369,39,1,0
BRDA:377,40,0,0
BRDA:377,40,1,0
BRDA:380,41,0,0
BRDA:380,41,1,0
BRDA:387,42,0,0
BRDA:387,42,1,0
BRDA:393,43,0,0
BRDA:393,43,1,0
BRDA:397,44,0,0
BRDA:397,44,1,0
BRDA:412,45,0,0
BRDA:412,45,1,0
BRDA:419,46,0,0
BRDA:419,46,1,0
BRF:101
BRH:0
end_of_record
TN:
SF:src/components/studyplan/StudyCards.jsx
FN:5,(anonymous_0)
FN:10,(anonymous_1)
FN:15,(anonymous_2)
FN:20,(anonymous_3)
FN:25,(anonymous_4)
FN:30,(anonymous_5)
FN:35,(anonymous_6)
FN:60,StudyCards
FN:82,(anonymous_8)
FN:92,(anonymous_9)
FN:104,(anonymous_10)
FN:104,(anonymous_11)
FN:111,(anonymous_12)
FN:114,(anonymous_13)
FN:118,(anonymous_14)
FN:121,(anonymous_15)
FN:125,(anonymous_16)
FN:126,(anonymous_17)
FN:127,(anonymous_18)
FN:136,(anonymous_19)
FN:140,(anonymous_20)
FN:143,(anonymous_21)
FN:145,(anonymous_22)
FN:150,(anonymous_23)
FN:151,(anonymous_24)
FN:162,(anonymous_25)
FN:163,(anonymous_26)
FN:166,(anonymous_27)
FN:167,(anonymous_28)
FN:170,(anonymous_29)
FN:170,(anonymous_30)
FN:243,(anonymous_31)
FN:249,(anonymous_32)
FN:275,(anonymous_33)
FN:277,(anonymous_34)
FN:312,(anonymous_35)
FN:412,(anonymous_36)
FN:421,(anonymous_37)
FN:504,(anonymous_38)
FN:504,(anonymous_39)
FN:530,(anonymous_40)
FN:536,(anonymous_41)
FN:542,(anonymous_42)
FN:556,(anonymous_43)
FN:556,(anonymous_44)
FN:565,(anonymous_45)
FN:568,(anonymous_46)
FN:585,(anonymous_47)
FN:585,(anonymous_48)
FN:598,(anonymous_49)
FN:600,(anonymous_50)
FN:602,(anonymous_51)
FNF:52
FNH:0
FNDA:0,(anonymous_0)
FNDA:0,(anonymous_1)
FNDA:0,(anonymous_2)
FNDA:0,(anonymous_3)
FNDA:0,(anonymous_4)
FNDA:0,(anonymous_5)
FNDA:0,(anonymous_6)
FNDA:0,StudyCards
FNDA:0,(anonymous_8)
FNDA:0,(anonymous_9)
FNDA:0,(anonymous_10)
FNDA:0,(anonymous_11)
FNDA:0,(anonymous_12)
FNDA:0,(anonymous_13)
FNDA:0,(anonymous_14)
FNDA:0,(anonymous_15)
FNDA:0,(anonymous_16)
FNDA:0,(anonymous_17)
FNDA:0,(anonymous_18)
FNDA:0,(anonymous_19)
FNDA:0,(anonymous_20)
FNDA:0,(anonymous_21)
FNDA:0,(anonymous_22)
FNDA:0,(anonymous_23)
FNDA:0,(anonymous_24)
FNDA:0,(anonymous_25)
FNDA:0,(anonymous_26)
FNDA:0,(anonymous_27)
FNDA:0,(anonymous_28)
FNDA:0,(anonymous_29)
FNDA:0,(anonymous_30)
FNDA:0,(anonymous_31)
FNDA:0,(anonymous_32)
FNDA:0,(anonymous_33)
FNDA:0,(anonymous_34)
FNDA:0,(anonymous_35)
FNDA:0,(anonymous_36)
FNDA:0,(anonymous_37)
FNDA:0,(anonymous_38)
FNDA:0,(anonymous_39)
FNDA:0,(anonymous_40)
FNDA:0,(anonymous_41)
FNDA:0,(anonymous_42)
FNDA:0,(anonymous_43)
FNDA:0,(anonymous_44)
FNDA:0,(anonymous_45)
FNDA:0,(anonymous_46)
FNDA:0,(anonymous_47)
FNDA:0,(anonymous_48)
FNDA:0,(anonymous_49)
FNDA:0,(anonymous_50)
FNDA:0,(anonymous_51)
DA:5,2
DA:6,0
DA:10,2
DA:11,0
DA:15,2
DA:16,0
DA:20,2
DA:21,0
DA:25,2
DA:26,0
DA:30,2
DA:31,0
DA:35,2
DA:36,0
DA:41,2
DA:48,2
DA:54,2
DA:61,0
DA:62,0
DA:63,0
DA:64,0
DA:65,0
DA:68,0
DA:69,0
DA:70,0
DA:71,0
DA:74,0
DA:77,0
DA:78,0
DA:79,0
DA:80,0
DA:82,0
DA:83,0
DA:84,0
DA:85,0
DA:86,0
DA:87,0
DA:88,0
DA:89,0
DA:91,0
DA:92,0
DA:95,0
DA:96,0
DA:98,0
DA:103,0
DA:104,0
DA:107,0
DA:108,0
DA:109,0
DA:111,0
DA:112,0
DA:113,0
DA:114,0
DA:118,0
DA:119,0
DA:120,0
DA:121,0
DA:125,0
DA:126,0
DA:127,0
DA:128,0
DA:130,0
DA:131,0
DA:132,0
DA:133,0
DA:135,0
DA:136,0
DA:137,0
DA:140,0
DA:142,0
DA:143,0
DA:144,0
DA:145,0
DA:146,0
DA:150,0
DA:151,0
DA:152,0
DA:153,0
DA:154,0
DA:159,0
DA:160,0
DA:162,0
DA:163,0
DA:166,0
DA:167,0
DA:169,0
DA:170,0
DA:175,0
DA:176,0
DA:203,0
DA:204,0
DA:205,0
DA:207,0
DA:244,0
DA:245,0
DA:246,0
DA:249,0
DA:276,0
DA:277,0
DA:278,0
DA:279,0
DA:312,0
DA:413,0
DA:414,0
DA:415,0
DA:421,0
DA:504,0
DA:530,0
DA:536,0
DA:542,0
DA:556,0
DA:566,0
DA:568,0
DA:585,0
DA:598,0
DA:600,0
DA:602,0
LF:117
LH:10
BRDA:60,0,0,0
BRDA:60,1,0,0
BRDA:83,2,0,0
BRDA:83,2,1,0
BRDA:89,3,0,0
BRDA:89,3,1,0
BRDA:91,4,0,0
BRDA:91,4,1,0
BRDA:104,5,0,0
BRDA:104,5,1,0
BRDA:104,6,0,0
BRDA:104,6,1,0
BRDA:107,7,0,0
BRDA:107,7,1,0
BRDA:113,8,0,0
BRDA:113,8,1,0
BRDA:120,9,0,0
BRDA:120,9,1,0
BRDA:128,10,0,0
BRDA:128,10,1,0
BRDA:153,11,0,0
BRDA:153,11,1,0
BRDA:159,12,0,0
BRDA:159,12,1,0
BRDA:169,13,0,0
BRDA:169,13,1,0
BRDA:175,14,0,0
BRDA:175,14,1,0
BRDA:183,15,0,0
BRDA:183,15,1,0
BRDA:195,16,0,0
BRDA:195,16,1,0
BRDA:203,17,0,0
BRDA:203,17,1,0
BRDA:215,18,0,0
BRDA:215,18,1,0
BRDA:218,19,0,0
BRDA:218,19,1,0
BRDA:227,20,0,0
BRDA:227,20,1,0
BRDA:251,21,0,0
BRDA:251,21,1,0
BRDA:256,22,0,0
BRDA:256,22,1,0
BRDA:266,23,0,0
BRDA:266,23,1,0
BRDA:268,24,0,0
BRDA:268,24,1,0
BRDA:286,25,0,0
BRDA:286,25,1,0
BRDA:293,26,0,0
BRDA:293,26,1,0
BRDA:318,27,0,0
BRDA:318,27,1,0
BRDA:329,28,0,0
BRDA:329,28,1,0
BRDA:330,29,0,0
BRDA:330,29,1,0
BRDA:331,30,0,0
BRDA:331,30,1,0
BRDA:407,31,0,0
BRDA:407,31,1,0
BRDA:409,32,0,0
BRDA:409,32,1,0
BRDA:409,33,0,0
BRDA:409,33,1,0
BRDA:412,34,0,0
BRDA:412,34,1,0
BRDA:413,35,0,0
BRDA:413,35,1,0
BRDA:432,36,0,0
BRDA:432,36,1,0
BRDA:437,37,0,0
BRDA:437,37,1,0
BRDA:444,38,0,0
BRDA:444,38,1,0
BRDA:449,39,0,0
BRDA:449,39,1,0
BRDA:464,40,0,0
BRDA:464,40,1,0
BRDA:466,41,0,0
BRDA:466,41,1,0
BRDA:468,42,0,0
BRDA:468,42,1,0
BRDA:476,43,0,0
BRDA:476,43,1,0
BRDA:478,44,0,0
BRDA:478,44,1,0
BRDA:480,45,0,0
BRDA:480,45,1,0
BRDA:484,46,0,0
BRDA:484,46,1,0
BRDA:484,47,0,0
BRDA:484,47,1,0
BRDA:494,48,0,0
BRDA:494,48,1,0
BRDA:503,49,0,0
BRDA:503,49,1,0
BRDA:511,50,0,0
BRDA:511,50,1,0
BRDA:526,51,0,0
BRDA:526,51,1,0
BRDA:570,52,0,0
BRDA:570,52,1,0
BRDA:572,53,0,0
BRDA:572,53,1,0
BRDA:573,54,0,0
BRDA:573,54,1,0
BRDA:575,55,0,0
BRDA:575,55,1,0
BRDA:594,56,0,0
BRDA:594,56,1,0
BRDA:594,56,2,0
BRF:113
BRH:0
end_of_record
TN:
SF:src/components/studyplan/StudyPlanDetails.jsx
FN:12,(anonymous_0)
FN:15,(anonymous_1)
FN:20,(anonymous_2)
FN:25,(anonymous_3)
FN:30,(anonymous_4)
FN:35,(anonymous_5)
FN:41,StudyPlanDetails
FN:61,(anonymous_7)
FN:71,(anonymous_8)
FN:74,(anonymous_9)
FN:80,(anonymous_10)
FN:84,(anonymous_11)
FN:111,(anonymous_12)
FN:116,(anonymous_13)
FN:138,(anonymous_14)
FN:143,(anonymous_15)
FN:152,(anonymous_16)
FN:193,(anonymous_17)
FN:228,(anonymous_18)
FN:285,(anonymous_19)
FN:338,(anonymous_20)
FN:348,(anonymous_21)
FN:378,(anonymous_22)
FN:416,(anonymous_23)
FN:428,(anonymous_24)
FN:437,(anonymous_25)
FN:455,(anonymous_26)
FN:459,(anonymous_27)
FN:468,(anonymous_28)
FN:511,(anonymous_29)
FN:533,(anonymous_30)
FN:547,(anonymous_31)
FN:549,(anonymous_32)
FN:605,(anonymous_33)
FN:622,(anonymous_34)
FN:661,(anonymous_35)
FN:700,(anonymous_36)
FNF:37
FNH:8
FNDA:0,(anonymous_0)
FNDA:22,(anonymous_1)
FNDA:10,(anonymous_2)
FNDA:2,(anonymous_3)
FNDA:0,(anonymous_4)
FNDA:15,(anonymous_5)
FNDA:15,StudyPlanDetails
FNDA:15,(anonymous_7)
FNDA:0,(anonymous_8)
FNDA:0,(anonymous_9)
FNDA:0,(anonymous_10)
FNDA:0,(anonymous_11)
FNDA:0,(anonymous_12)
FNDA:0,(anonymous_13)
FNDA:0,(anonymous_14)
FNDA:0,(anonymous_15)
FNDA:0,(anonymous_16)
FNDA:0,(anonymous_17)
FNDA:11,(anonymous_18)
FNDA:11,(anonymous_19)
FNDA:0,(anonymous_20)
FNDA:0,(anonymous_21)
FNDA:0,(anonymous_22)
FNDA:0,(anonymous_23)
FNDA:0,(anonymous_24)
FNDA:0,(anonymous_25)
FNDA:0,(anonymous_26)
FNDA:0,(anonymous_27)
FNDA:0,(anonymous_28)
FNDA:0,(anonymous_29)
FNDA:0,(anonymous_30)
FNDA:0,(anonymous_31)
FNDA:0,(anonymous_32)
FNDA:0,(anonymous_33)
FNDA:0,(anonymous_34)
FNDA:0,(anonymous_35)
FNDA:0,(anonymous_36)
DA:12,2
DA:15,2
DA:16,22
DA:20,2
DA:21,10
DA:25,2
DA:26,2
DA:30,2
DA:31,0
DA:35,2
DA:36,15
DA:42,15
DA:43,15
DA:44,15
DA:45,15
DA:47,15
DA:48,15
DA:49,15
DA:50,15
DA:51,15
DA:52,15
DA:53,15
DA:54,15
DA:55,15
DA:56,15
DA:57,15
DA:58,15
DA:61,15
DA:62,15
DA:65,15
DA:66,15
DA:67,15
DA:68,15
DA:69,15
DA:71,15
DA:72,0
DA:74,0
DA:75,0
DA:77,0
DA:78,0
DA:79,0
DA:80,0
DA:82,0
DA:83,0
DA:84,0
DA:86,0
DA:90,15
DA:94,15
DA:111,0
DA:116,0
DA:138,0
DA:143,0
DA:152,0
DA:193,0
DA:229,11
DA:286,11
DA:287,11
DA:288,11
DA:290,11
DA:339,0
DA:340,0
DA:341,0
DA:342,0
DA:344,0
DA:345,0
DA:346,0
DA:347,0
DA:348,0
DA:349,0
DA:378,0
DA:417,0
DA:418,0
DA:419,0
DA:421,0
DA:422,0
DA:428,0
DA:438,0
DA:456,0
DA:457,0
DA:459,0
DA:460,0
DA:461,0
DA:465,0
DA:468,0
DA:511,0
DA:533,0
DA:548,0
DA:549,0
DA:552,0
DA:561,0
DA:563,0
DA:564,0
DA:565,0
DA:568,0
DA:569,0
DA:571,0
DA:606,0
DA:607,0
DA:608,0
DA:609,0
DA:616,0
DA:617,0
DA:620,0
DA:621,0
DA:622,0
DA:624,0
DA:662,0
DA:700,0
LF:108
LH:41
BRDA:42,0,0,15
BRDA:42,0,1,4
BRDA:43,1,0,15
BRDA:43,1,1,4
BRDA:44,2,0,15
BRDA:44,2,1,4
BRDA:45,3,0,15
BRDA:45,3,1,0
BRDA:62,4,0,0
BRDA:62,4,1,15
BRDA:65,5,0,15
BRDA:65,5,1,15
BRDA:66,6,0,15
BRDA:66,6,1,15
BRDA:67,7,0,15
BRDA:67,7,1,15
BRDA:68,8,0,15
BRDA:68,8,1,15
BRDA:72,9,0,0
BRDA:72,9,1,0
BRDA:90,10,0,2
BRDA:90,10,1,13
BRDA:90,11,0,15
BRDA:90,11,1,4
BRDA:98,12,0,15
BRDA:98,12,1,11
BRDA:98,12,2,10
BRDA:116,13,0,0
BRDA:116,13,1,0
BRDA:116,14,0,0
BRDA:116,14,1,0
BRDA:116,14,2,0
BRDA:117,15,0,10
BRDA:117,15,1,0
BRDA:117,15,2,0
BRDA:117,15,3,0
BRDA:125,16,0,15
BRDA:125,16,1,3
BRDA:125,16,2,2
BRDA:143,17,0,0
BRDA:143,17,1,0
BRDA:143,18,0,0
BRDA:143,18,1,0
BRDA:143,18,2,0
BRDA:144,19,0,2
BRDA:144,19,1,0
BRDA:144,19,2,0
BRDA:144,19,3,0
BRDA:148,20,0,2
BRDA:148,20,1,0
BRDA:164,21,0,15
BRDA:164,21,1,4
BRDA:164,21,2,2
BRDA:176,22,0,1
BRDA:176,22,1,1
BRDA:178,23,0,1
BRDA:178,23,1,0
BRDA:182,24,0,1
BRDA:182,24,1,1
BRDA:191,25,0,15
BRDA:191,25,1,4
BRDA:204,26,0,15
BRDA:204,26,1,4
BRDA:205,27,0,15
BRDA:205,27,1,4
BRDA:206,28,0,15
BRDA:206,28,1,0
BRDA:207,29,0,15
BRDA:207,29,1,0
BRDA:207,29,2,0
BRDA:209,30,0,0
BRDA:209,30,1,0
BRDA:210,31,0,0
BRDA:210,31,1,0
BRDA:211,32,0,0
BRDA:211,32,1,0
BRDA:212,33,0,0
BRDA:212,33,1,0
BRDA:215,34,0,0
BRDA:215,34,1,0
BRDA:221,35,0,15
BRDA:221,35,1,11
BRDA:221,35,2,11
BRDA:242,36,0,15
BRDA:242,36,1,0
BRDA:242,36,2,0
BRDA:256,37,0,0
BRDA:256,37,1,0
BRDA:260,38,0,0
BRDA:260,38,1,0
BRDA:267,39,0,0
BRDA:267,39,1,0
BRDA:271,40,0,0
BRDA:271,40,1,0
BRDA:271,41,0,0
BRDA:271,41,1,0
BRDA:287,42,0,11
BRDA:287,42,1,0
BRDA:295,43,0,0
BRDA:295,43,1,11
BRDA:297,44,0,0
BRDA:297,44,1,11
BRDA:301,45,0,11
BRDA:301,45,1,0
BRDA:309,46,0,11
BRDA:309,46,1,0
BRDA:309,46,2,0
BRDA:309,46,3,0
BRDA:317,47,0,0
BRDA:317,47,1,11
BRDA:319,48,0,0
BRDA:319,48,1,11
BRDA:325,49,0,0
BRDA:325,49,1,11
BRDA:330,50,0,0
BRDA:330,50,1,11
BRDA:340,51,0,0
BRDA:340,51,1,0
BRDA:353,52,0,0
BRDA:353,52,1,11
BRDA:355,53,0,0
BRDA:355,53,1,11
BRDA:360,54,0,0
BRDA:360,54,1,11
BRDA:362,55,0,0
BRDA:362,55,1,11
BRDA:366,56,0,0
BRDA:366,56,1,11
BRDA:373,57,0,0
BRDA:373,57,1,11
BRDA:373,58,0,0
BRDA:373,58,1,11
BRDA:376,59,0,11
BRDA:376,59,1,0
BRDA:378,60,0,0
BRDA:378,60,1,0
BRDA:381,61,0,0
BRDA:381,61,1,0
BRDA:386,62,0,0
BRDA:386,62,1,0
BRDA:394,63,0,0
BRDA:394,63,1,0
BRDA:397,64,0,11
BRDA:397,64,1,0
BRDA:397,64,2,0
BRDA:404,65,0,11
BRDA:404,65,1,0
BRDA:411,66,0,11
BRDA:411,66,1,0
BRDA:437,67,0,11
BRDA:437,67,1,11
BRDA:455,68,0,0
BRDA:455,68,1,0
BRDA:455,68,2,0
BRDA:459,69,0,0
BRDA:459,69,1,0
BRDA:460,70,0,0
BRDA:460,70,1,0
BRDA:461,71,0,0
BRDA:461,71,1,0
BRDA:462,72,0,0
BRDA:462,72,1,0
BRDA:468,73,0,0
BRDA:468,73,1,0
BRDA:470,74,0,0
BRDA:470,74,1,0
BRDA:475,75,0,0
BRDA:475,75,1,0
BRDA:479,76,0,0
BRDA:479,76,1,0
BRDA:485,77,0,0
BRDA:485,77,1,0
BRDA:485,77,2,0
BRDA:488,78,0,0
BRDA:488,78,1,0
BRDA:488,78,2,0
BRDA:539,79,0,0
BRDA:539,79,1,0
BRDA:539,79,2,0
BRDA:549,80,0,0
BRDA:549,80,1,0
BRDA:552,81,0,0
BRDA:552,81,1,0
BRDA:553,82,0,0
BRDA:553,82,1,0
BRDA:553,82,2,0
BRDA:561,83,0,0
BRDA:561,83,1,0
BRDA:564,84,0,0
BRDA:564,84,1,0
BRDA:565,85,0,0
BRDA:565,85,1,0
BRDA:568,86,0,0
BRDA:568,86,1,0
BRDA:569,87,0,0
BRDA:569,87,1,0
BRDA:574,88,0,0
BRDA:574,88,1,0
BRDA:584,89,0,0
BRDA:584,89,1,0
BRDA:593,90,0,0
BRDA:593,90,1,0
BRDA:603,91,0,0
BRDA:603,91,1,0
BRDA:603,91,2,0
BRDA:603,91,3,0
BRDA:603,91,4,0
BRDA:611,92,0,0
BRDA:611,92,1,0
BRDA:612,93,0,0
BRDA:612,93,1,0
BRDA:616,94,0,0
BRDA:616,94,1,0
BRDA:617,95,0,0
BRDA:617,95,1,0
BRDA:630,96,0,0
BRDA:630,96,1,0
BRDA:640,97,0,0
BRDA:640,97,1,0
BRDA:645,98,0,0
BRDA:645,98,1,0
BRDA:658,99,0,0
BRDA:658,99,1,0
BRDA:658,99,2,0
BRDA:672,100,0,11
BRDA:672,100,1,11
BRDA:690,101,0,15
BRDA:690,101,1,0
BRDA:698,102,0,0
BRDA:698,102,1,0
BRDA:711,103,0,15
BRDA:711,103,1,0
BRF:232
BRH:75
end_of_record
TN:
SF:src/components/studyplan/StudyPlanForm.jsx
FN:7,(anonymous_0)
FN:12,(anonymous_1)
FN:17,(anonymous_2)
FN:53,StudyPlanForm
FN:70,(anonymous_4)
FN:72,(anonymous_5)
FN:77,(anonymous_6)
FN:82,(anonymous_7)
FN:109,(anonymous_8)
FN:127,(anonymous_9)
FN:153,(anonymous_10)
FN:177,(anonymous_11)
FN:187,(anonymous_12)
FN:266,(anonymous_13)
FN:279,(anonymous_14)
FN:283,(anonymous_15)
FN:314,(anonymous_16)
FN:337,(anonymous_17)
FN:343,(anonymous_18)
FN:355,(anonymous_19)
FN:360,(anonymous_20)
FN:360,(anonymous_21)
FN:370,(anonymous_22)
FN:403,(anonymous_23)
FN:407,(anonymous_24)
FN:466,(anonymous_25)
FNF:26
FNH:0
FNDA:0,(anonymous_0)
FNDA:0,(anonymous_1)
FNDA:0,(anonymous_2)
FNDA:0,StudyPlanForm
FNDA:0,(anonymous_4)
FNDA:0,(anonymous_5)
FNDA:0,(anonymous_6)
FNDA:0,(anonymous_7)
FNDA:0,(anonymous_8)
FNDA:0,(anonymous_9)
FNDA:0,(anonymous_10)
FNDA:0,(anonymous_11)
FNDA:0,(anonymous_12)
FNDA:0,(anonymous_13)
FNDA:0,(anonymous_14)
FNDA:0,(anonymous_15)
FNDA:0,(anonymous_16)
FNDA:0,(anonymous_17)
FNDA:0,(anonymous_18)
FNDA:0,(anonymous_19)
FNDA:0,(anonymous_20)
FNDA:0,(anonymous_21)
FNDA:0,(anonymous_22)
FNDA:0,(anonymous_23)
FNDA:0,(anonymous_24)
FNDA:0,(anonymous_25)
DA:7,1
DA:8,0
DA:12,1
DA:13,0
DA:17,1
DA:18,0
DA:24,1
DA:54,0
DA:55,0
DA:56,0
DA:57,0
DA:58,0
DA:59,0
DA:60,0
DA:61,0
DA:62,0
DA:63,0
DA:64,0
DA:65,0
DA:66,0
DA:67,0
DA:68,0
DA:70,0
DA:72,0
DA:73,0
DA:74,0
DA:77,0
DA:78,0
DA:79,0
DA:82,0
DA:83,0
DA:84,0
DA:85,0
DA:86,0
DA:88,0
DA:89,0
DA:90,0
DA:92,0
DA:94,0
DA:106,0
DA:109,0
DA:110,0
DA:111,0
DA:112,0
DA:113,0
DA:114,0
DA:115,0
DA:116,0
DA:118,0
DA:119,0
DA:120,0
DA:121,0
DA:123,0
DA:124,0
DA:127,0
DA:128,0
DA:129,0
DA:132,0
DA:153,0
DA:177,0
DA:187,0
DA:266,0
DA:280,0
DA:283,0
DA:314,0
DA:337,0
DA:344,0
DA:355,0
DA:360,0
DA:361,0
DA:370,0
DA:404,0
DA:407,0
DA:466,0
LF:74
LH:4
BRDA:77,0,0,0
BRDA:78,1,0,0
BRDA:78,1,1,0
BRDA:78,2,0,0
BRDA:78,2,1,0
BRDA:84,3,0,0
BRDA:84,3,1,0
BRDA:84,4,0,0
BRDA:84,4,1,0
BRDA:84,4,2,0
BRDA:88,5,0,0
BRDA:88,5,1,0
BRDA:88,6,0,0
BRDA:88,6,1,0
BRDA:95,7,0,0
BRDA:95,7,1,0
BRDA:95,7,2,0
BRDA:96,8,0,0
BRDA:96,8,1,0
BRDA:98,9,0,0
BRDA:98,9,1,0
BRDA:101,10,0,0
BRDA:101,10,1,0
BRDA:102,11,0,0
BRDA:102,11,1,0
BRDA:102,12,0,0
BRDA:102,12,1,0
BRDA:102,13,0,0
BRDA:102,13,1,0
BRDA:104,14,0,0
BRDA:104,14,1,0
BRDA:104,15,0,0
BRDA:104,15,1,0
BRDA:111,16,0,0
BRDA:111,16,1,0
BRDA:113,17,0,0
BRDA:113,17,1,0
BRDA:118,18,0,0
BRDA:118,18,1,0
BRDA:129,19,0,0
BRDA:129,19,1,0
BRDA:135,20,0,0
BRDA:135,20,1,0
BRDA:146,21,0,0
BRDA:146,21,1,0
BRDA:171,22,0,0
BRDA:171,22,1,0
BRDA:172,23,0,0
BRDA:172,23,1,0
BRDA:178,24,0,0
BRDA:178,24,1,0
BRDA:211,25,0,0
BRDA:211,25,1,0
BRDA:255,26,0,0
BRDA:255,26,1,0
BRDA:262,27,0,0
BRDA:262,27,1,0
BRDA:266,28,0,0
BRDA:266,28,1,0
BRDA:271,29,0,0
BRDA:271,29,1,0
BRDA:274,30,0,0
BRDA:274,30,1,0
BRDA:276,31,0,0
BRDA:276,31,1,0
BRDA:290,32,0,0
BRDA:290,32,1,0
BRDA:311,33,0,0
BRDA:311,33,1,0
BRDA:327,34,0,0
BRDA:327,34,1,0
BRDA:372,35,0,0
BRDA:372,35,1,0
BRDA:378,36,0,0
BRDA:378,36,1,0
BRDA:381,37,0,0
BRDA:381,37,1,0
BRDA:409,38,0,0
BRDA:409,38,1,0
BRDA:416,39,0,0
BRDA:416,39,1,0
BRDA:428,40,0,0
BRDA:428,40,1,0
BRDA:438,41,0,0
BRDA:438,41,1,0
BRDA:448,42,0,0
BRDA:448,42,1,0
BRDA:458,43,0,0
BRDA:458,43,1,0
BRDA:486,44,0,0
BRDA:486,44,1,0
BRDA:486,44,2,0
BRDA:486,44,3,0
BRDA:486,44,4,0
BRDA:486,44,5,0
BRDA:489,45,0,0
BRDA:489,45,1,0
BRDA:507,46,0,0
BRDA:507,46,1,0
BRF:99
BRH:0
end_of_record
TN:
SF:src/components/studyplan/studyPlanHelpers.jsx
FN:8,(anonymous_0)
FN:14,(anonymous_1)
FN:23,(anonymous_2)
FN:33,(anonymous_3)
FN:44,(anonymous_4)
FN:57,(anonymous_5)
FN:66,(anonymous_6)
FN:72,(anonymous_7)
FN:83,(anonymous_8)
FN:93,(anonymous_9)
FN:155,(anonymous_10)
FNF:11
FNH:1
FNDA:4,(anonymous_0)
FNDA:0,(anonymous_1)
FNDA:0,(anonymous_2)
FNDA:0,(anonymous_3)
FNDA:0,(anonymous_4)
FNDA:0,(anonymous_5)
FNDA:0,(anonymous_6)
FNDA:0,(anonymous_7)
FNDA:0,(anonymous_8)
FNDA:0,(anonymous_9)
FNDA:0,(anonymous_10)
DA:8,1
DA:9,4
DA:11,0
DA:12,0
DA:14,0
DA:15,0
DA:16,0
DA:23,0
DA:29,0
DA:33,1
DA:34,0
DA:41,0
DA:44,1
DA:45,0
DA:54,0
DA:57,1
DA:58,0
DA:63,0
DA:66,1
DA:67,0
DA:68,0
DA:69,0
DA:72,1
DA:73,0
DA:80,0
DA:83,1
DA:84,0
DA:90,0
DA:93,1
DA:94,0
DA:152,0
DA:155,1
DA:156,0
DA:157,0
DA:161,0
DA:162,0
DA:163,0
DA:165,0
LF:38
LH:10
BRDA:9,0,0,4
BRDA:9,0,1,0
BRDA:15,1,0,0
BRDA:15,1,1,0
BRDA:41,2,0,0
BRDA:41,2,1,0
BRDA:54,3,0,0
BRDA:54,3,1,0
BRDA:63,4,0,0
BRDA:63,4,1,0
BRDA:80,5,0,0
BRDA:80,5,1,0
BRDA:90,6,0,0
BRDA:90,6,1,0
BRDA:152,7,0,0
BRDA:152,7,1,0
BRDA:156,8,0,0
BRDA:156,8,1,0
BRDA:163,9,0,0
BRDA:163,9,1,0
BRF:20
BRH:1
end_of_record
TN:
SF:src/contexts/AuthContext.jsx
FN:13,AuthProvider
FN:18,(anonymous_1)
FN:19,(anonymous_2)
FN:38,(anonymous_3)
FN:48,(anonymous_4)
FN:58,(anonymous_5)
FN:80,useAuth
FNF:7
FNH:5
FNDA:13,AuthProvider
FNDA:8,(anonymous_1)
FNDA:8,(anonymous_2)
FNDA:1,(anonymous_3)
FNDA:0,(anonymous_4)
FNDA:0,(anonymous_5)
FNDA:95,useAuth
DA:11,5
DA:14,13
DA:15,13
DA:16,13
DA:18,13
DA:19,8
DA:20,8
DA:21,3
DA:23,3
DA:24,0
DA:27,3
DA:28,3
DA:29,3
DA:30,3
DA:33,8
DA:35,8
DA:38,13
DA:39,1
DA:40,1
DA:41,1
DA:42,1
DA:43,0
DA:45,1
DA:48,13
DA:49,0
DA:50,0
DA:51,0
DA:52,0
DA:53,0
DA:55,0
DA:58,13
DA:59,0
DA:60,0
DA:61,0
DA:62,0
DA:65,13
DA:67,13
DA:77,13
DA:81,95
DA:82,95
DA:83,84
DA:85,10
LF:42
LH:30
BRDA:20,0,0,3
BRDA:20,0,1,5
BRDA:42,1,0,0
BRDA:42,1,1,1
BRDA:52,2,0,0
BRDA:52,2,1,0
BRDA:65,3,0,13
BRDA:65,3,1,3
BRDA:82,4,0,84
BRDA:82,4,1,11
BRF:10
BRH:7
end_of_record
TN:
SF:src/contexts/SmartStudyContext.jsx
FN:7,SmartStudyProvider
FN:23,(anonymous_1)
FN:32,(anonymous_2)
FN:46,(anonymous_3)
FN:53,(anonymous_4)
FN:64,(anonymous_5)
FN:80,(anonymous_6)
FN:100,(anonymous_7)
FN:125,useSmartStudy
FNF:9
FNH:1
FNDA:0,SmartStudyProvider
FNDA:0,(anonymous_1)
FNDA:0,(anonymous_2)
FNDA:0,(anonymous_3)
FNDA:0,(anonymous_4)
FNDA:0,(anonymous_5)
FNDA:0,(anonymous_6)
FNDA:0,(anonymous_7)
FNDA:29,useSmartStudy
DA:5,2
DA:8,0
DA:11,0
DA:12,0
DA:13,0
DA:14,0
DA:15,0
DA:18,0
DA:19,0
DA:20,0
DA:23,0
DA:24,0
DA:25,0
DA:26,0
DA:27,0
DA:28,0
DA:29,0
DA:31,0
DA:32,0
DA:33,0
DA:34,0
DA:36,0
DA:38,0
DA:39,0
DA:41,0
DA:46,0
DA:47,0
DA:48,0
DA:53,0
DA:54,0
DA:55,0
DA:56,0
DA:57,0
DA:58,0
DA:59,0
DA:64,0
DA:65,0
DA:66,0
DA:67,0
DA:68,0
DA:70,0
DA:71,0
DA:73,0
DA:76,0
DA:77,0
DA:80,0
DA:81,0
DA:84,0
DA:86,0
DA:88,0
DA:89,0
DA:90,0
DA:93,0
DA:94,0
DA:100,0
DA:101,0
DA:104,0
DA:122,0
DA:126,29
DA:127,29
DA:128,28
DA:130,0
LF:62
LH:4
BRDA:24,0,0,0
BRDA:24,0,1,0
BRDA:31,1,0,0
BRDA:31,1,1,0
BRDA:33,2,0,0
BRDA:33,2,1,0
BRDA:33,3,0,0
BRDA:33,3,1,0
BRDA:47,4,0,0
BRDA:47,4,1,0
BRDA:47,5,0,0
BRDA:47,5,1,0
BRDA:47,5,2,0
BRDA:54,6,0,0
BRDA:54,6,1,0
BRDA:65,7,0,0
BRDA:65,7,1,0
BRDA:73,8,0,0
BRDA:73,8,1,0
BRDA:80,9,0,0
BRDA:80,9,1,0
BRDA:81,10,0,0
BRDA:81,10,1,0
BRDA:84,11,0,0
BRDA:84,11,1,0
BRDA:89,12,0,0
BRDA:89,12,1,0
BRDA:90,13,0,0
BRDA:90,13,1,0
BRDA:93,14,0,0
BRDA:93,14,1,0
BRDA:127,15,0,28
BRDA:127,15,1,1
BRF:33
BRH:2
end_of_record
TN:
SF:src/pages/CGPAPage.jsx
FN:9,CGPAPage
FN:16,(anonymous_1)
FN:18,(anonymous_2)
FN:19,(anonymous_3)
FN:22,(anonymous_4)
FN:56,(anonymous_5)
FN:69,(anonymous_6)
FN:72,(anonymous_7)
FN:87,(anonymous_8)
FN:93,(anonymous_9)
FN:127,(anonymous_10)
FN:157,(anonymous_11)
FN:183,(anonymous_12)
FN:201,(anonymous_13)
FN:214,(anonymous_14)
FN:224,(anonymous_15)
FNF:16
FNH:1
FNDA:25,CGPAPage
FNDA:0,(anonymous_1)
FNDA:0,(anonymous_2)
FNDA:0,(anonymous_3)
FNDA:0,(anonymous_4)
FNDA:0,(anonymous_5)
FNDA:0,(anonymous_6)
FNDA:0,(anonymous_7)
FNDA:0,(anonymous_8)
FNDA:0,(anonymous_9)
FNDA:0,(anonymous_10)
FNDA:0,(anonymous_11)
FNDA:0,(anonymous_12)
FNDA:0,(anonymous_13)
FNDA:0,(anonymous_14)
FNDA:0,(anonymous_15)
DA:10,25
DA:11,25
DA:12,25
DA:13,25
DA:14,25
DA:16,25
DA:17,0
DA:18,0
DA:19,0
DA:22,25
DA:23,0
DA:24,0
DA:25,0
DA:28,0
DA:29,0
DA:30,0
DA:33,0
DA:34,0
DA:35,0
DA:36,0
DA:37,0
DA:38,0
DA:39,0
DA:40,0
DA:42,0
DA:43,0
DA:45,0
DA:49,25
DA:56,0
DA:70,0
DA:72,0
DA:87,0
DA:93,0
DA:127,0
DA:157,0
DA:184,0
DA:202,0
DA:214,0
DA:224,0
LF:39
LH:8
BRDA:17,0,0,0
BRDA:17,0,1,0
BRDA:30,1,0,0
BRDA:30,1,1,0
BRDA:74,2,0,0
BRDA:74,2,1,0
BRDA:93,3,0,0
BRDA:93,3,1,0
BRDA:96,4,0,25
BRDA:96,4,1,0
BRDA:119,5,0,0
BRDA:119,5,1,0
BRDA:143,6,0,25
BRDA:143,6,1,0
BRDA:143,6,2,0
BRDA:143,6,3,0
BRDA:214,7,0,25
BRDA:214,7,1,0
BRDA:217,8,0,25
BRDA:217,8,1,0
BRF:20
BRH:4
end_of_record
TN:
SF:src/pages/LoginPage.jsx
FN:5,LoginPage
FN:13,(anonymous_1)
FN:87,(anonymous_2)
FN:100,(anonymous_3)
FNF:4
FNH:1
FNDA:25,LoginPage
FNDA:0,(anonymous_1)
FNDA:0,(anonymous_2)
FNDA:0,(anonymous_3)
DA:6,25
DA:7,25
DA:8,25
DA:9,25
DA:10,25
DA:11,25
DA:13,25
DA:14,0
DA:15,0
DA:16,0
DA:17,0
DA:18,0
DA:19,0
DA:21,0
DA:22,0
DA:25,25
DA:87,0
DA:100,0
LF:18
LH:8
BRDA:21,0,0,0
BRDA:21,0,1,0
BRDA:21,1,0,0
BRDA:21,1,1,0
BRDA:72,2,0,25
BRDA:72,2,1,0
BRDA:113,3,0,0
BRDA:113,3,1,0
BRF:8
BRH:1
end_of_record
TN:
SF:src/pages/RegisterPage.jsx
FN:5,RegisterPage
FN:15,(anonymous_1)
FN:15,(anonymous_2)
FN:17,(anonymous_3)
FN:98,(anonymous_4)
FN:102,(anonymous_5)
FN:107,(anonymous_6)
FN:110,(anonymous_7)
FN:121,(anonymous_8)
FN:124,(anonymous_9)
FN:130,(anonymous_10)
FN:134,(anonymous_11)
FN:158,Field
FNF:13
FNH:1
FNDA:33,RegisterPage
FNDA:0,(anonymous_1)
FNDA:0,(anonymous_2)
FNDA:0,(anonymous_3)
FNDA:0,(anonymous_4)
FNDA:0,(anonymous_5)
FNDA:0,(anonymous_6)
FNDA:0,(anonymous_7)
FNDA:0,(anonymous_8)
FNDA:0,(anonymous_9)
FNDA:0,(anonymous_10)
FNDA:0,(anonymous_11)
FNDA:0,Field
DA:6,33
DA:10,33
DA:11,33
DA:12,33
DA:13,33
DA:15,33
DA:17,33
DA:18,0
DA:19,0
DA:20,0
DA:21,0
DA:22,0
DA:23,0
DA:24,0
DA:26,0
DA:27,0
DA:28,0
DA:34,0
DA:36,0
DA:37,0
DA:40,33
DA:42,33
DA:98,0
DA:102,0
DA:107,0
DA:110,0
DA:121,0
DA:124,0
DA:130,0
DA:134,0
DA:159,0
LF:31
LH:9
BRDA:20,0,0,0
BRDA:20,0,1,0
BRDA:21,1,0,0
BRDA:21,1,1,0
BRDA:22,2,0,0
BRDA:22,2,1,0
BRDA:23,3,0,0
BRDA:23,3,1,0
BRDA:24,4,0,0
BRDA:24,4,1,0
BRDA:30,5,0,0
BRDA:30,5,1,0
BRDA:31,6,0,0
BRDA:31,6,1,0
BRDA:36,7,0,0
BRDA:36,7,1,0
BRDA:36,8,0,0
BRDA:36,8,1,0
BRDA:87,9,0,33
BRDA:87,9,1,0
BRDA:142,10,0,0
BRDA:142,10,1,0
BRDA:163,11,0,0
BRDA:163,11,1,0
BRF:24
BRH:1
end_of_record
TN:
SF:src/services/api.js
FN:21,(anonymous_0)
FN:28,(anonymous_1)
FN:37,(anonymous_2)
FN:38,(anonymous_3)
FN:50,(anonymous_4)
FN:51,(anonymous_5)
FN:68,(anonymous_6)
FN:70,(anonymous_7)
FN:125,(anonymous_8)
FN:149,(anonymous_9)
FN:171,(anonymous_10)
FN:188,(anonymous_11)
FN:202,(anonymous_12)
FN:211,(anonymous_13)
FN:226,(anonymous_14)
FN:240,(anonymous_15)
FN:252,(anonymous_16)
FN:266,(anonymous_17)
FN:285,(anonymous_18)
FN:306,(anonymous_19)
FN:322,(anonymous_20)
FN:337,(anonymous_21)
FN:354,(anonymous_22)
FN:371,(anonymous_23)
FN:386,(anonymous_24)
FN:400,(anonymous_25)
FN:418,(anonymous_26)
FN:433,(anonymous_27)
FN:446,(anonymous_28)
FN:460,(anonymous_29)
FN:474,(anonymous_30)
FN:489,(anonymous_31)
FN:504,(anonymous_32)
FN:518,(anonymous_33)
FN:531,(anonymous_34)
FN:536,(anonymous_35)
FN:545,(anonymous_36)
FN:558,(anonymous_37)
FN:567,(anonymous_38)
FN:576,(anonymous_39)
FN:585,(anonymous_40)
FN:594,(anonymous_41)
FN:615,(anonymous_42)
FN:632,(anonymous_43)
FN:648,(anonymous_44)
FN:662,(anonymous_45)
FN:675,(anonymous_46)
FN:688,(anonymous_47)
FN:701,(anonymous_48)
FN:725,(anonymous_49)
FN:781,(anonymous_50)
FN:797,(anonymous_51)
FN:815,(anonymous_52)
FN:836,(anonymous_53)
FN:852,(anonymous_54)
FN:871,(anonymous_55)
FN:891,(anonymous_56)
FN:903,(anonymous_57)
FN:915,(anonymous_58)
FN:927,(anonymous_59)
FN:955,(anonymous_60)
FN:978,(anonymous_61)
FN:993,(anonymous_62)
FN:1009,(anonymous_63)
FN:1024,(anonymous_64)
FN:1037,(anonymous_65)
FN:1056,(anonymous_66)
FN:1072,(anonymous_67)
FN:1089,(anonymous_68)
FN:1107,(anonymous_69)
FN:1127,(anonymous_70)
FN:1146,(anonymous_71)
FN:1165,(anonymous_72)
FN:1178,(anonymous_73)
FN:1209,(anonymous_74)
FN:1221,(anonymous_75)
FN:1234,(anonymous_76)
FN:1244,(anonymous_77)
FN:1253,(anonymous_78)
FN:1266,(anonymous_79)
FN:1275,(anonymous_80)
FN:1288,(anonymous_81)
FN:1314,(anonymous_82)
FN:1332,(anonymous_83)
FN:1346,(anonymous_84)
FN:1359,(anonymous_85)
FN:1373,(anonymous_86)
FN:1386,(anonymous_87)
FN:1400,(anonymous_88)
FN:1415,(anonymous_89)
FN:1429,(anonymous_90)
FN:1452,(anonymous_91)
FN:1473,(anonymous_92)
FN:1490,(anonymous_93)
FN:1503,(anonymous_94)
FN:1517,(anonymous_95)
FN:1530,(anonymous_96)
FN:1544,(anonymous_97)
FN:1557,(anonymous_98)
FN:1571,(anonymous_99)
FN:1584,(anonymous_100)
FNF:101
FNH:0
FNDA:0,(anonymous_0)
FNDA:0,(anonymous_1)
FNDA:0,(anonymous_2)
FNDA:0,(anonymous_3)
FNDA:0,(anonymous_4)
FNDA:0,(anonymous_5)
FNDA:0,(anonymous_6)
FNDA:0,(anonymous_7)
FNDA:0,(anonymous_8)
FNDA:0,(anonymous_9)
FNDA:0,(anonymous_10)
FNDA:0,(anonymous_11)
FNDA:0,(anonymous_12)
FNDA:0,(anonymous_13)
FNDA:0,(anonymous_14)
FNDA:0,(anonymous_15)
FNDA:0,(anonymous_16)
FNDA:0,(anonymous_17)
FNDA:0,(anonymous_18)
FNDA:0,(anonymous_19)
FNDA:0,(anonymous_20)
FNDA:0,(anonymous_21)
FNDA:0,(anonymous_22)
FNDA:0,(anonymous_23)
FNDA:0,(anonymous_24)
FNDA:0,(anonymous_25)
FNDA:0,(anonymous_26)
FNDA:0,(anonymous_27)
FNDA:0,(anonymous_28)
FNDA:0,(anonymous_29)
FNDA:0,(anonymous_30)
FNDA:0,(anonymous_31)
FNDA:0,(anonymous_32)
FNDA:0,(anonymous_33)
FNDA:0,(anonymous_34)
FNDA:0,(anonymous_35)
FNDA:0,(anonymous_36)
FNDA:0,(anonymous_37)
FNDA:0,(anonymous_38)
FNDA:0,(anonymous_39)
FNDA:0,(anonymous_40)
FNDA:0,(anonymous_41)
FNDA:0,(anonymous_42)
FNDA:0,(anonymous_43)
FNDA:0,(anonymous_44)
FNDA:0,(anonymous_45)
FNDA:0,(anonymous_46)
FNDA:0,(anonymous_47)
FNDA:0,(anonymous_48)
FNDA:0,(anonymous_49)
FNDA:0,(anonymous_50)
FNDA:0,(anonymous_51)
FNDA:0,(anonymous_52)
FNDA:0,(anonymous_53)
FNDA:0,(anonymous_54)
FNDA:0,(anonymous_55)
FNDA:0,(anonymous_56)
FNDA:0,(anonymous_57)
FNDA:0,(anonymous_58)
FNDA:0,(anonymous_59)
FNDA:0,(anonymous_60)
FNDA:0,(anonymous_61)
FNDA:0,(anonymous_62)
FNDA:0,(anonymous_63)
FNDA:0,(anonymous_64)
FNDA:0,(anonymous_65)
FNDA:0,(anonymous_66)
FNDA:0,(anonymous_67)
FNDA:0,(anonymous_68)
FNDA:0,(anonymous_69)
FNDA:0,(anonymous_70)
FNDA:0,(anonymous_71)
FNDA:0,(anonymous_72)
FNDA:0,(anonymous_73)
FNDA:0,(anonymous_74)
FNDA:0,(anonymous_75)
FNDA:0,(anonymous_76)
FNDA:0,(anonymous_77)
FNDA:0,(anonymous_78)
FNDA:0,(anonymous_79)
FNDA:0,(anonymous_80)
FNDA:0,(anonymous_81)
FNDA:0,(anonymous_82)
FNDA:0,(anonymous_83)
FNDA:0,(anonymous_84)
FNDA:0,(anonymous_85)
FNDA:0,(anonymous_86)
FNDA:0,(anonymous_87)
FNDA:0,(anonymous_88)
FNDA:0,(anonymous_89)
FNDA:0,(anonymous_90)
FNDA:0,(anonymous_91)
FNDA:0,(anonymous_92)
FNDA:0,(anonymous_93)
FNDA:0,(anonymous_94)
FNDA:0,(anonymous_95)
FNDA:0,(anonymous_96)
FNDA:0,(anonymous_97)
FNDA:0,(anonymous_98)
FNDA:0,(anonymous_99)
FNDA:0,(anonymous_100)
DA:8,4
DA:11,4
DA:20,4
DA:22,0
DA:23,0
DA:24,0
DA:26,0
DA:29,0
DA:34,4
DA:35,4
DA:37,4
DA:38,0
DA:39,0
DA:40,0
DA:42,0
DA:45,0
DA:49,4
DA:50,0
DA:52,0
DA:54,0
DA:55,0
DA:57,0
DA:59,0
DA:60,0
DA:61,0
DA:62,0
DA:63,0
DA:66,0
DA:68,0
DA:69,0
DA:71,0
DA:72,0
DA:76,0
DA:77,0
DA:79,0
DA:80,0
DA:84,0
DA:85,0
DA:87,0
DA:88,0
DA:90,0
DA:91,0
DA:94,0
DA:97,0
DA:98,0
DA:100,0
DA:102,0
DA:103,0
DA:104,0
DA:105,0
DA:106,0
DA:108,0
DA:112,0
DA:125,4
DA:126,0
DA:127,0
DA:130,0
DA:131,0
DA:132,0
DA:133,0
DA:134,0
DA:138,0
DA:140,0
DA:149,4
DA:150,0
DA:151,0
DA:154,0
DA:155,0
DA:156,0
DA:157,0
DA:158,0
DA:162,0
DA:164,0
DA:171,4
DA:172,0
DA:173,0
DA:174,0
DA:178,0
DA:179,0
DA:180,0
DA:181,0
DA:188,4
DA:189,0
DA:190,0
DA:191,0
DA:193,0
DA:194,0
DA:202,4
DA:203,0
DA:211,4
DA:212,0
DA:213,0
DA:214,0
DA:216,0
DA:226,4
DA:227,0
DA:231,0
DA:240,4
DA:241,0
DA:245,0
DA:252,4
DA:253,0
DA:254,0
DA:255,0
DA:257,0
DA:266,4
DA:267,0
DA:268,0
DA:270,0
DA:271,0
DA:272,0
DA:273,0
DA:275,0
DA:277,0
DA:285,4
DA:286,0
DA:287,0
DA:288,0
DA:289,0
DA:291,0
DA:293,0
DA:306,4
DA:307,0
DA:308,0
DA:309,0
DA:310,0
DA:311,0
DA:313,0
DA:322,4
DA:323,0
DA:324,0
DA:325,0
DA:327,0
DA:337,4
DA:338,0
DA:339,0
DA:343,0
DA:345,0
DA:354,4
DA:355,0
DA:356,0
DA:359,0
DA:360,0
DA:362,0
DA:371,4
DA:372,0
DA:373,0
DA:374,0
DA:376,0
DA:386,4
DA:387,0
DA:388,0
DA:389,0
DA:391,0
DA:400,4
DA:401,0
DA:402,0
DA:403,0
DA:405,0
DA:418,4
DA:419,0
DA:420,0
DA:421,0
DA:422,0
DA:423,0
DA:425,0
DA:433,4
DA:434,0
DA:435,0
DA:436,0
DA:438,0
DA:446,4
DA:447,0
DA:448,0
DA:449,0
DA:451,0
DA:460,4
DA:461,0
DA:462,0
DA:463,0
DA:465,0
DA:474,4
DA:475,0
DA:476,0
DA:477,0
DA:479,0
DA:489,4
DA:490,0
DA:491,0
DA:492,0
DA:494,0
DA:504,4
DA:505,0
DA:506,0
DA:507,0
DA:509,0
DA:518,4
DA:519,0
DA:520,0
DA:521,0
DA:523,0
DA:531,4
DA:532,0
DA:533,0
DA:536,4
DA:537,0
DA:538,0
DA:539,0
DA:541,0
DA:545,4
DA:546,0
DA:547,0
DA:548,0
DA:550,0
DA:558,4
DA:559,0
DA:560,0
DA:561,0
DA:563,0
DA:567,4
DA:568,0
DA:569,0
DA:570,0
DA:572,0
DA:576,4
DA:577,0
DA:578,0
DA:579,0
DA:581,0
DA:585,4
DA:586,0
DA:587,0
DA:588,0
DA:590,0
DA:594,4
DA:595,0
DA:596,0
DA:599,0
DA:601,0
DA:615,4
DA:616,0
DA:617,0
DA:621,0
DA:623,0
DA:632,4
DA:633,0
DA:634,0
DA:637,0
DA:639,0
DA:648,4
DA:649,0
DA:650,0
DA:651,0
DA:653,0
DA:662,4
DA:663,0
DA:664,0
DA:665,0
DA:667,0
DA:675,4
DA:676,0
DA:677,0
DA:678,0
DA:680,0
DA:688,4
DA:689,0
DA:690,0
DA:691,0
DA:693,0
DA:701,4
DA:702,0
DA:703,0
DA:704,0
DA:706,0
DA:725,4
DA:726,0
DA:728,0
DA:729,0
DA:732,0
DA:735,0
DA:736,0
DA:737,0
DA:738,0
DA:739,0
DA:740,0
DA:741,0
DA:742,0
DA:745,0
DA:746,0
DA:747,0
DA:750,0
DA:756,0
DA:759,0
DA:769,0
DA:772,0
DA:781,4
DA:782,0
DA:783,0
DA:786,0
DA:788,0
DA:797,4
DA:798,0
DA:799,0
DA:800,0
DA:802,0
DA:815,4
DA:816,0
DA:817,0
DA:824,0
DA:826,0
DA:836,4
DA:837,0
DA:838,0
DA:839,0
DA:841,0
DA:852,4
DA:853,0
DA:854,0
DA:858,0
DA:860,0
DA:871,4
DA:872,0
DA:873,0
DA:877,0
DA:879,0
DA:891,4
DA:892,0
DA:893,0
DA:897,0
DA:899,0
DA:903,4
DA:904,0
DA:905,0
DA:909,0
DA:911,0
DA:915,4
DA:916,0
DA:917,0
DA:921,0
DA:923,0
DA:927,4
DA:928,0
DA:929,0
DA:933,0
DA:935,0
DA:955,4
DA:956,0
DA:957,0
DA:958,0
DA:959,0
DA:960,0
DA:961,0
DA:962,0
DA:963,0
DA:964,0
DA:966,0
DA:967,0
DA:969,0
DA:978,4
DA:979,0
DA:980,0
DA:981,0
DA:983,0
DA:993,4
DA:994,0
DA:995,0
DA:998,0
DA:1000,0
DA:1009,4
DA:1010,0
DA:1011,0
DA:1014,0
DA:1016,0
DA:1024,4
DA:1025,0
DA:1026,0
DA:1027,0
DA:1029,0
DA:1037,4
DA:1038,0
DA:1039,0
DA:1040,0
DA:1042,0
DA:1056,4
DA:1057,0
DA:1058,0
DA:1059,0
DA:1060,0
DA:1061,0
DA:1062,0
DA:1063,0
DA:1065,0
DA:1067,0
DA:1073,0
DA:1074,0
DA:1078,0
DA:1080,0
DA:1089,4
DA:1090,0
DA:1107,4
DA:1108,0
DA:1109,0
DA:1116,0
DA:1118,0
DA:1127,4
DA:1128,0
DA:1129,0
DA:1130,0
DA:1132,0
DA:1146,4
DA:1147,0
DA:1148,0
DA:1154,0
DA:1156,0
DA:1165,4
DA:1166,0
DA:1167,0
DA:1168,0
DA:1170,0
DA:1178,4
DA:1179,0
DA:1180,0
DA:1181,0
DA:1182,0
DA:1183,0
DA:1184,0
DA:1185,0
DA:1186,0
DA:1187,0
DA:1188,0
DA:1189,0
DA:1192,0
DA:1194,0
DA:1203,0
DA:1205,0
DA:1209,4
DA:1210,0
DA:1211,0
DA:1212,0
DA:1213,0
DA:1214,0
DA:1215,0
DA:1217,0
DA:1221,4
DA:1222,0
DA:1223,0
DA:1228,0
DA:1230,0
DA:1234,4
DA:1235,0
DA:1236,0
DA:1237,0
DA:1238,0
DA:1240,0
DA:1244,4
DA:1245,0
DA:1246,0
DA:1247,0
DA:1249,0
DA:1253,4
DA:1254,0
DA:1255,0
DA:1260,0
DA:1262,0
DA:1266,4
DA:1267,0
DA:1268,0
DA:1269,0
DA:1271,0
DA:1275,4
DA:1276,0
DA:1277,0
DA:1278,0
DA:1280,0
DA:1288,4
DA:1289,0
DA:1290,0
DA:1296,0
DA:1298,0
DA:1314,4
DA:1315,0
DA:1316,0
DA:1317,0
DA:1318,0
DA:1319,0
DA:1321,0
DA:1322,0
DA:1324,0
DA:1332,4
DA:1333,0
DA:1334,0
DA:1335,0
DA:1337,0
DA:1346,4
DA:1347,0
DA:1348,0
DA:1349,0
DA:1351,0
DA:1359,4
DA:1360,0
DA:1361,0
DA:1362,0
DA:1364,0
DA:1373,4
DA:1374,0
DA:1375,0
DA:1376,0
DA:1378,0
DA:1386,4
DA:1387,0
DA:1388,0
DA:1389,0
DA:1391,0
DA:1400,4
DA:1401,0
DA:1402,0
DA:1403,0
DA:1405,0
DA:1415,4
DA:1416,0
DA:1417,0
DA:1418,0
DA:1420,0
DA:1429,4
DA:1430,0
DA:1431,0
DA:1432,0
DA:1434,0
DA:1435,0
DA:1437,0
DA:1452,4
DA:1453,0
DA:1454,0
DA:1462,0
DA:1464,0
DA:1473,4
DA:1474,0
DA:1475,0
DA:1476,0
DA:1478,0
DA:1490,4
DA:1491,0
DA:1492,0
DA:1493,0
DA:1495,0
DA:1503,4
DA:1504,0
DA:1505,0
DA:1506,0
DA:1508,0
DA:1517,4
DA:1518,0
DA:1519,0
DA:1520,0
DA:1522,0
DA:1530,4
DA:1531,0
DA:1532,0
DA:1533,0
DA:1535,0
DA:1544,4
DA:1545,0
DA:1546,0
DA:1547,0
DA:1549,0
DA:1557,4
DA:1558,0
DA:1559,0
DA:1560,0
DA:1562,0
DA:1571,4
DA:1572,0
DA:1573,0
DA:1574,0
DA:1576,0
DA:1584,4
DA:1585,0
DA:1586,0
DA:1587,0
DA:1589,0
LF:580
LH:99
BRDA:8,0,0,4
BRDA:8,0,1,0
BRDA:23,1,0,0
BRDA:23,1,1,0
BRDA:37,2,0,0
BRDA:39,3,0,0
BRDA:39,3,1,0
BRDA:54,4,0,0
BRDA:54,4,1,0
BRDA:54,5,0,0
BRDA:54,5,1,0
BRDA:57,6,0,0
BRDA:57,6,1,0
BRDA:66,7,0,0
BRDA:66,7,1,0
BRDA:87,8,0,0
BRDA:87,8,1,0
BRDA:90,9,0,0
BRDA:90,9,1,0
BRDA:130,10,0,0
BRDA:130,10,1,0
BRDA:133,11,0,0
BRDA:133,11,1,0
BRDA:140,12,0,0
BRDA:140,12,1,0
BRDA:154,13,0,0
BRDA:154,13,1,0
BRDA:157,14,0,0
BRDA:157,14,1,0
BRDA:164,15,0,0
BRDA:164,15,1,0
BRDA:175,16,0,0
BRDA:175,16,1,0
BRDA:191,17,0,0
BRDA:191,17,1,0
BRDA:216,18,0,0
BRDA:216,18,1,0
BRDA:257,19,0,0
BRDA:257,19,1,0
BRDA:270,20,0,0
BRDA:270,20,1,0
BRDA:271,21,0,0
BRDA:271,21,1,0
BRDA:277,22,0,0
BRDA:277,22,1,0
BRDA:288,23,0,0
BRDA:288,23,1,0
BRDA:293,24,0,0
BRDA:293,24,1,0
BRDA:306,25,0,0
BRDA:309,26,0,0
BRDA:309,26,1,0
BRDA:313,27,0,0
BRDA:313,27,1,0
BRDA:327,28,0,0
BRDA:327,28,1,0
BRDA:337,29,0,0
BRDA:345,30,0,0
BRDA:345,30,1,0
BRDA:354,31,0,0
BRDA:356,32,0,0
BRDA:356,32,1,0
BRDA:362,33,0,0
BRDA:362,33,1,0
BRDA:376,34,0,0
BRDA:376,34,1,0
BRDA:391,35,0,0
BRDA:391,35,1,0
BRDA:405,36,0,0
BRDA:405,36,1,0
BRDA:418,37,0,0
BRDA:421,38,0,0
BRDA:421,38,1,0
BRDA:425,39,0,0
BRDA:425,39,1,0
BRDA:438,40,0,0
BRDA:438,40,1,0
BRDA:451,41,0,0
BRDA:451,41,1,0
BRDA:465,42,0,0
BRDA:465,42,1,0
BRDA:479,43,0,0
BRDA:479,43,1,0
BRDA:494,44,0,0
BRDA:494,44,1,0
BRDA:504,45,0,0
BRDA:509,46,0,0
BRDA:509,46,1,0
BRDA:523,47,0,0
BRDA:523,47,1,0
BRDA:541,48,0,0
BRDA:541,48,1,0
BRDA:550,49,0,0
BRDA:550,49,1,0
BRDA:563,50,0,0
BRDA:563,50,1,0
BRDA:572,51,0,0
BRDA:572,51,1,0
BRDA:581,52,0,0
BRDA:581,52,1,0
BRDA:590,53,0,0
BRDA:590,53,1,0
BRDA:601,54,0,0
BRDA:601,54,1,0
BRDA:615,55,0,0
BRDA:623,56,0,0
BRDA:623,56,1,0
BRDA:632,57,0,0
BRDA:639,58,0,0
BRDA:639,58,1,0
BRDA:653,59,0,0
BRDA:653,59,1,0
BRDA:667,60,0,0
BRDA:667,60,1,0
BRDA:680,61,0,0
BRDA:680,61,1,0
BRDA:693,62,0,0
BRDA:693,62,1,0
BRDA:706,63,0,0
BRDA:706,63,1,0
BRDA:728,64,0,0
BRDA:728,64,1,0
BRDA:735,65,0,0
BRDA:735,65,1,0
BRDA:736,66,0,0
BRDA:736,66,1,0
BRDA:737,67,0,0
BRDA:737,67,1,0
BRDA:738,68,0,0
BRDA:738,68,1,0
BRDA:739,69,0,0
BRDA:739,69,1,0
BRDA:740,70,0,0
BRDA:740,70,1,0
BRDA:741,71,0,0
BRDA:741,71,1,0
BRDA:742,72,0,0
BRDA:742,72,1,0
BRDA:745,73,0,0
BRDA:745,73,1,0
BRDA:746,74,0,0
BRDA:746,74,1,0
BRDA:747,75,0,0
BRDA:747,75,1,0
BRDA:761,76,0,0
BRDA:761,76,1,0
BRDA:762,77,0,0
BRDA:762,77,1,0
BRDA:763,78,0,0
BRDA:763,78,1,0
BRDA:764,79,0,0
BRDA:764,79,1,0
BRDA:765,80,0,0
BRDA:765,80,1,0
BRDA:766,81,0,0
BRDA:766,81,1,0
BRDA:767,82,0,0
BRDA:767,82,1,0
BRDA:772,83,0,0
BRDA:772,83,1,0
BRDA:781,84,0,0
BRDA:788,85,0,0
BRDA:788,85,1,0
BRDA:802,86,0,0
BRDA:802,86,1,0
BRDA:826,87,0,0
BRDA:826,87,1,0
BRDA:841,88,0,0
BRDA:841,88,1,0
BRDA:852,89,0,0
BRDA:860,90,0,0
BRDA:860,90,1,0
BRDA:871,91,0,0
BRDA:879,92,0,0
BRDA:879,92,1,0
BRDA:891,93,0,0
BRDA:891,94,0,0
BRDA:891,95,0,0
BRDA:899,96,0,0
BRDA:899,96,1,0
BRDA:903,97,0,0
BRDA:903,98,0,0
BRDA:911,99,0,0
BRDA:911,99,1,0
BRDA:915,100,0,0
BRDA:915,101,0,0
BRDA:923,102,0,0
BRDA:923,102,1,0
BRDA:935,103,0,0
BRDA:935,103,1,0
BRDA:955,104,0,0
BRDA:958,105,0,0
BRDA:958,105,1,0
BRDA:959,106,0,0
BRDA:959,106,1,0
BRDA:960,107,0,0
BRDA:960,107,1,0
BRDA:961,108,0,0
BRDA:961,108,1,0
BRDA:962,109,0,0
BRDA:962,109,1,0
BRDA:963,110,0,0
BRDA:963,110,1,0
BRDA:964,111,0,0
BRDA:964,111,1,0
BRDA:969,112,0,0
BRDA:969,112,1,0
BRDA:983,113,0,0
BRDA:983,113,1,0
BRDA:1000,114,0,0
BRDA:1000,114,1,0
BRDA:1016,115,0,0
BRDA:1016,115,1,0
BRDA:1029,116,0,0
BRDA:1029,116,1,0
BRDA:1042,117,0,0
BRDA:1042,117,1,0
BRDA:1062,118,0,0
BRDA:1062,118,1,0
BRDA:1065,119,0,0
BRDA:1065,119,1,0
BRDA:1071,120,0,0
BRDA:1071,120,1,0
BRDA:1073,121,0,0
BRDA:1073,121,1,0
BRDA:1080,122,0,0
BRDA:1080,122,1,0
BRDA:1089,123,0,0
BRDA:1112,124,0,0
BRDA:1112,124,1,0
BRDA:1113,125,0,0
BRDA:1113,125,1,0
BRDA:1114,126,0,0
BRDA:1114,126,1,0
BRDA:1118,127,0,0
BRDA:1118,127,1,0
BRDA:1132,128,0,0
BRDA:1132,128,1,0
BRDA:1156,129,0,0
BRDA:1156,129,1,0
BRDA:1170,130,0,0
BRDA:1170,130,1,0
BRDA:1180,131,0,0
BRDA:1180,131,1,0
BRDA:1183,132,0,0
BRDA:1183,132,1,0
BRDA:1184,133,0,0
BRDA:1184,133,1,0
BRDA:1185,134,0,0
BRDA:1185,134,1,0
BRDA:1186,135,0,0
BRDA:1186,135,1,0
BRDA:1187,136,0,0
BRDA:1187,136,1,0
BRDA:1188,137,0,0
BRDA:1188,137,1,0
BRDA:1196,138,0,0
BRDA:1196,138,1,0
BRDA:1197,139,0,0
BRDA:1197,139,1,0
BRDA:1198,140,0,0
BRDA:1198,140,1,0
BRDA:1199,141,0,0
BRDA:1199,141,1,0
BRDA:1200,142,0,0
BRDA:1200,142,1,0
BRDA:1201,143,0,0
BRDA:1201,143,1,0
BRDA:1205,144,0,0
BRDA:1205,144,1,0
BRDA:1209,145,0,0
BRDA:1209,146,0,0
BRDA:1213,147,0,0
BRDA:1213,147,1,0
BRDA:1217,148,0,0
BRDA:1217,148,1,0
BRDA:1221,149,0,0
BRDA:1221,150,0,0
BRDA:1230,151,0,0
BRDA:1230,151,1,0
BRDA:1234,152,0,0
BRDA:1236,153,0,0
BRDA:1236,153,1,0
BRDA:1240,154,0,0
BRDA:1240,154,1,0
BRDA:1249,155,0,0
BRDA:1249,155,1,0
BRDA:1253,156,0,0
BRDA:1253,157,0,0
BRDA:1262,158,0,0
BRDA:1262,158,1,0
BRDA:1271,159,0,0
BRDA:1271,159,1,0
BRDA:1280,160,0,0
BRDA:1280,160,1,0
BRDA:1292,161,0,0
BRDA:1292,161,1,0
BRDA:1293,162,0,0
BRDA:1293,162,1,0
BRDA:1294,163,0,0
BRDA:1294,163,1,0
BRDA:1298,164,0,0
BRDA:1298,164,1,0
BRDA:1314,165,0,0
BRDA:1317,166,0,0
BRDA:1317,166,1,0
BRDA:1318,167,0,0
BRDA:1318,167,1,0
BRDA:1319,168,0,0
BRDA:1319,168,1,0
BRDA:1324,169,0,0
BRDA:1324,169,1,0
BRDA:1337,170,0,0
BRDA:1337,170,1,0
BRDA:1351,171,0,0
BRDA:1351,171,1,0
BRDA:1364,172,0,0
BRDA:1364,172,1,0
BRDA:1378,173,0,0
BRDA:1378,173,1,0
BRDA:1391,174,0,0
BRDA:1391,174,1,0
BRDA:1405,175,0,0
BRDA:1405,175,1,0
BRDA:1415,176,0,0
BRDA:1420,177,0,0
BRDA:1420,177,1,0
BRDA:1429,178,0,0
BRDA:1432,179,0,0
BRDA:1432,179,1,0
BRDA:1437,180,0,0
BRDA:1437,180,1,0
BRDA:1457,181,0,0
BRDA:1457,181,1,0
BRDA:1458,182,0,0
BRDA:1458,182,1,0
BRDA:1459,183,0,0
BRDA:1459,183,1,0
BRDA:1460,184,0,0
BRDA:1460,184,1,0
BRDA:1464,185,0,0
BRDA:1464,185,1,0
BRDA:1478,186,0,0
BRDA:1478,186,1,0
BRDA:1495,187,0,0
BRDA:1495,187,1,0
BRDA:1508,188,0,0
BRDA:1508,188,1,0
BRDA:1517,189,0,0
BRDA:1522,190,0,0
BRDA:1522,190,1,0
BRDA:1535,191,0,0
BRDA:1535,191,1,0
BRDA:1544,192,0,0
BRDA:1549,193,0,0
BRDA:1549,193,1,0
BRDA:1562,194,0,0
BRDA:1562,194,1,0
BRDA:1576,195,0,0
BRDA:1576,195,1,0
BRDA:1589,196,0,0
BRDA:1589,196,1,0
BRF:362
BRH:1
end_of_record
TN:
SF:src/utils/errors.js
FN:5,friendlyError
FNF:1
FNH:0
FNDA:0,friendlyError
DA:6,0
DA:7,0
DA:8,0
DA:9,0
DA:10,0
DA:11,0
DA:12,0
DA:13,0
DA:15,0
LF:9
LH:0
BRDA:6,0,0,0
BRDA:6,0,1,0
BRDA:6,0,2,0
BRDA:6,0,3,0
BRDA:7,1,0,0
BRDA:7,1,1,0
BRDA:8,2,0,0
BRDA:8,2,1,0
BRDA:8,3,0,0
BRDA:8,3,1,0
BRDA:10,4,0,0
BRDA:10,4,1,0
BRDA:12,5,0,0
BRDA:12,5,1,0
BRDA:15,6,0,0
BRDA:15,6,1,0
BRDA:15,7,0,0
BRDA:15,7,1,0
BRF:18
BRH:0
end_of_record
